L 04/29/2019 - 23:11:49: SourceMod log file session started (file "L20190429.log") (Version "1.9.0.6276")
L 04/29/2019 - 23:11:49: -------- Mapchange to c2m1_highway --------
L 04/29/2019 - 23:11:52: [l4d2_guncontrol_mod.smx] Unlock Plugin found, requirements for M60 exchange met, moving on
L 04/29/2019 - 23:11:53: [basecommands.smx] "Console<0><Console><Console>" changed cvar (cvar "mp_gamemode") (value "community5")
L 04/29/2019 - 23:11:53: [basecommands.smx] "Console<0><Console><Console>" changed cvar (cvar "sv_minrate") (value "60000")
L 04/29/2019 - 23:11:53: [basecommands.smx] "Console<0><Console><Console>" changed cvar (cvar "sv_maxrate") (value "60000")
L 04/29/2019 - 23:11:53: [basecommands.smx] "Console<0><Console><Console>" changed cvar (cvar "sv_minupdaterate") (value "60")
L 04/29/2019 - 23:11:53: [basecommands.smx] "Console<0><Console><Console>" changed cvar (cvar "sv_maxupdaterate") (value "60")
L 04/29/2019 - 23:11:53: [basecommands.smx] "Console<0><Console><Console>" changed cvar (cvar "sv_mincmdrate") (value "60")
L 04/29/2019 - 23:11:53: [basecommands.smx] "Console<0><Console><Console>" changed cvar (cvar "sv_maxcmdrate") (value "60")
L 04/29/2019 - 23:11:53: [basecommands.smx] "Console<0><Console><Console>" changed cvar (cvar "sv_client_min_interp_ratio") (value "0")
L 04/29/2019 - 23:11:53: [basecommands.smx] "Console<0><Console><Console>" changed cvar (cvar "sv_client_max_interp_ratio") (value "2")
L 04/29/2019 - 23:11:53: [basecommands.smx] "Console<0><Console><Console>" changed cvar (cvar "fps_max") (value "120")
L 04/29/2019 - 23:11:53: [basecommands.smx] "Console<0><Console><Console>" changed cvar (cvar "nb_update_frequency") (value "0.03")
L 04/29/2019 - 23:11:53: [basecommands.smx] "Console<0><Console><Console>" changed cvar (cvar "net_splitrate") (value "2")
L 04/29/2019 - 23:11:53: [basecommands.smx] "Console<0><Console><Console>" changed cvar (cvar "net_splitpacket_maxrate") (value "30000")
L 04/29/2019 - 23:11:53: [basecommands.smx] "Console<0><Console><Console>" changed cvar (cvar "sv_maxplayers") (value "6")
L 04/29/2019 - 23:11:53: [basecommands.smx] "Console<0><Console><Console>" changed cvar (cvar "sv_visiblemaxplayers") (value "4")
L 04/29/2019 - 23:11:53: [basecommands.smx] "Console<0><Console><Console>" changed cvar (cvar "sv_allow_votes") (value "1")
L 04/29/2019 - 23:13:23: [SM] Changed map to "c2m1_highway"
L 04/29/2019 - 23:13:23: -------- Mapchange to c2m1_highway --------
L 04/29/2019 - 23:13:24: [l4d2_guncontrol_mod.smx] Unlock Plugin found, requirements for M60 exchange met, moving on
L 04/29/2019 - 23:13:24: [basecommands.smx] "Console<0><Console><Console>" changed cvar (cvar "mp_gamemode") (value "community5")
L 04/29/2019 - 23:13:24: [basecommands.smx] "Console<0><Console><Console>" changed cvar (cvar "sv_minrate") (value "60000")
L 04/29/2019 - 23:13:24: [basecommands.smx] "Console<0><Console><Console>" changed cvar (cvar "sv_maxrate") (value "60000")
L 04/29/2019 - 23:13:24: [basecommands.smx] "Console<0><Console><Console>" changed cvar (cvar "sv_minupdaterate") (value "60")
L 04/29/2019 - 23:13:24: [basecommands.smx] "Console<0><Console><Console>" changed cvar (cvar "sv_maxupdaterate") (value "60")
L 04/29/2019 - 23:13:24: [basecommands.smx] "Console<0><Console><Console>" changed cvar (cvar "sv_mincmdrate") (value "60")
L 04/29/2019 - 23:13:24: [basecommands.smx] "Console<0><Console><Console>" changed cvar (cvar "sv_maxcmdrate") (value "60")
L 04/29/2019 - 23:13:24: [basecommands.smx] "Console<0><Console><Console>" changed cvar (cvar "sv_client_min_interp_ratio") (value "0")
L 04/29/2019 - 23:13:24: [basecommands.smx] "Console<0><Console><Console>" changed cvar (cvar "sv_client_max_interp_ratio") (value "2")
L 04/29/2019 - 23:13:24: [basecommands.smx] "Console<0><Console><Console>" changed cvar (cvar "fps_max") (value "120")
L 04/29/2019 - 23:13:24: [basecommands.smx] "Console<0><Console><Console>" changed cvar (cvar "nb_update_frequency") (value "0.03")
L 04/29/2019 - 23:13:24: [basecommands.smx] "Console<0><Console><Console>" changed cvar (cvar "net_splitrate") (value "2")
L 04/29/2019 - 23:13:24: [basecommands.smx] "Console<0><Console><Console>" changed cvar (cvar "net_splitpacket_maxrate") (value "30000")
L 04/29/2019 - 23:13:24: [basecommands.smx] "Console<0><Console><Console>" changed cvar (cvar "sv_maxplayers") (value "6")
L 04/29/2019 - 23:13:24: [basecommands.smx] "Console<0><Console><Console>" changed cvar (cvar "sv_visiblemaxplayers") (value "4")
L 04/29/2019 - 23:13:24: [basecommands.smx] "Console<0><Console><Console>" changed cvar (cvar "sv_allow_votes") (value "1")
L 04/29/2019 - 23:13:30: [l4d2_WeaponUnlock.smx] Indexed dynamic weapon_spawn, spawnid 3, index 0 - removing entid 275 now
L 04/29/2019 - 23:13:30: [l4d2_WeaponUnlock.smx] Indexed dynamic weapon_spawn, spawnid 7, index 1 - removing entid 317 now
L 04/29/2019 - 23:13:30: [l4d2_WeaponUnlock.smx] Indexed dynamic weapon_spawn, spawnid 7, index 2 - removing entid 583 now
L 04/29/2019 - 23:13:30: [l4d2_WeaponUnlock.smx] Indexed dynamic weapon_spawn, spawnid 8, index 3 - removing entid 584 now
L 04/29/2019 - 23:13:30: [l4d2_WeaponUnlock.smx] Indexed dynamic weapon_spawn, spawnid 7, index 4 - removing entid 776 now
L 04/29/2019 - 23:13:30: [l4d2_WeaponUnlock.smx] Indexed dynamic weapon_spawn, spawnid 3, index 5 - removing entid 803 now
L 04/29/2019 - 23:13:30: [l4d2_WeaponUnlock.smx] Indexed dynamic weapon_spawn, spawnid 3, index 6 - removing entid 806 now
L 04/29/2019 - 23:13:30: [l4d2_WeaponUnlock.smx] Indexed dynamic weapon_spawn, spawnid 32, index 7 - removing entid 808 now
L 04/29/2019 - 23:13:30: [l4d2_WeaponUnlock.smx] Indexed dynamic weapon_spawn, spawnid 32, index 8 - removing entid 809 now
L 04/29/2019 - 23:13:30: [l4d2_WeaponUnlock.smx] Indexed dynamic weapon_spawn, spawnid 7, index 9 - removing entid 822 now
L 04/29/2019 - 23:13:30: [l4d2_WeaponUnlock.smx] Indexed dynamic weapon_spawn, spawnid 7, index 10 - removing entid 823 now
L 04/29/2019 - 23:13:30: [l4d2_WeaponUnlock.smx] WipeStoredWeapons() was called. Removing stored Weapon Spawns on map
L 04/29/2019 - 23:13:30: [l4d2_WeaponUnlock.smx] Commencing to spawn indexed weapons now
L 04/29/2019 - 23:13:30: [l4d2_WeaponUnlock.smx] Spawning indexed gun 0, new ent 258, original id 3, modid 3
L 04/29/2019 - 23:13:30: [l4d2_WeaponUnlock.smx] Spawning indexed gun 1, new ent 259, original id 7, modid 7
L 04/29/2019 - 23:13:30: [l4d2_WeaponUnlock.smx] Spawning indexed gun 2, new ent 260, original id 7, modid 7
L 04/29/2019 - 23:13:30: [l4d2_WeaponUnlock.smx] Spawning indexed gun 3, new ent 261, original id 8, modid 8
L 04/29/2019 - 23:13:30: [l4d2_WeaponUnlock.smx] Spawning indexed gun 4, new ent 276, original id 7, modid 7
L 04/29/2019 - 23:13:30: [l4d2_WeaponUnlock.smx] Spawning indexed gun 5, new ent 278, original id 3, modid 3
L 04/29/2019 - 23:13:30: [l4d2_WeaponUnlock.smx] Spawning indexed gun 6, new ent 281, original id 3, modid 3
L 04/29/2019 - 23:13:30: [l4d2_WeaponUnlock.smx] Spawning indexed gun 7, new ent 282, original id 32, modid 32
L 04/29/2019 - 23:13:30: [l4d2_WeaponUnlock.smx] Spawning indexed gun 8, new ent 283, original id 32, modid 32
L 04/29/2019 - 23:13:30: [l4d2_WeaponUnlock.smx] Spawning indexed gun 9, new ent 284, original id 7, modid 7
L 04/29/2019 - 23:13:30: [l4d2_WeaponUnlock.smx] Spawning indexed gun 10, new ent 285, original id 7, modid 7
L 04/29/2019 - 23:13:30: [l4d2_WeaponUnlock.smx] Finished Spawning indexed weapons
L 04/29/2019 - 23:13:31: [l4d2_WeaponUnlock.smx] WipeStoredWeapons() was called. Removing stored Weapon Spawns on map
L 04/29/2019 - 23:13:31: [l4d2_WeaponUnlock.smx] WipeStoredWeapons: About to wipe ent 258 of class weapon_spawn
L 04/29/2019 - 23:13:31: [l4d2_WeaponUnlock.smx] WipeStoredWeapons: About to wipe ent 259 of class weapon_spawn
L 04/29/2019 - 23:13:31: [l4d2_WeaponUnlock.smx] WipeStoredWeapons: About to wipe ent 260 of class weapon_spawn
L 04/29/2019 - 23:13:31: [l4d2_WeaponUnlock.smx] WipeStoredWeapons: About to wipe ent 261 of class weapon_spawn
L 04/29/2019 - 23:13:31: [l4d2_WeaponUnlock.smx] WipeStoredWeapons: About to wipe ent 276 of class weapon_spawn
L 04/29/2019 - 23:13:31: [l4d2_WeaponUnlock.smx] WipeStoredWeapons: About to wipe ent 278 of class weapon_spawn
L 04/29/2019 - 23:13:31: [l4d2_WeaponUnlock.smx] WipeStoredWeapons: About to wipe ent 281 of class weapon_spawn
L 04/29/2019 - 23:13:31: [l4d2_WeaponUnlock.smx] WipeStoredWeapons: About to wipe ent 282 of class weapon_spawn
L 04/29/2019 - 23:13:31: [l4d2_WeaponUnlock.smx] WipeStoredWeapons: About to wipe ent 283 of class weapon_spawn
L 04/29/2019 - 23:13:31: [l4d2_WeaponUnlock.smx] WipeStoredWeapons: About to wipe ent 284 of class weapon_spawn
L 04/29/2019 - 23:13:31: [l4d2_WeaponUnlock.smx] WipeStoredWeapons: About to wipe ent 285 of class weapon_spawn
L 04/29/2019 - 23:13:31: [l4d2_WeaponUnlock.smx] Commencing to spawn indexed weapons now
L 04/29/2019 - 23:13:31: [l4d2_WeaponUnlock.smx] Spawning indexed gun 0, new ent 275, original id 3, modid 3
L 04/29/2019 - 23:13:31: [l4d2_WeaponUnlock.smx] Spawning indexed gun 1, new ent 291, original id 7, modid 7
L 04/29/2019 - 23:13:31: [l4d2_WeaponUnlock.smx] Spawning indexed gun 2, new ent 292, original id 7, modid 7
L 04/29/2019 - 23:13:31: [l4d2_WeaponUnlock.smx] Spawning indexed gun 3, new ent 294, original id 8, modid 8
L 04/29/2019 - 23:13:31: [l4d2_WeaponUnlock.smx] Spawning indexed gun 4, new ent 296, original id 7, modid 7
L 04/29/2019 - 23:13:31: [l4d2_WeaponUnlock.smx] Spawning indexed gun 5, new ent 298, original id 3, modid 3
L 04/29/2019 - 23:13:31: [l4d2_WeaponUnlock.smx] Spawning indexed gun 6, new ent 317, original id 3, modid 3
L 04/29/2019 - 23:13:31: [l4d2_WeaponUnlock.smx] Spawning indexed gun 7, new ent 318, original id 32, modid 32
L 04/29/2019 - 23:13:31: [l4d2_WeaponUnlock.smx] Spawning indexed gun 8, new ent 356, original id 32, modid 32
L 04/29/2019 - 23:13:31: [l4d2_WeaponUnlock.smx] Spawning indexed gun 9, new ent 357, original id 7, modid 7
L 04/29/2019 - 23:13:31: [l4d2_WeaponUnlock.smx] Spawning indexed gun 10, new ent 358, original id 7, modid 7
L 04/29/2019 - 23:13:31: [l4d2_WeaponUnlock.smx] Finished Spawning indexed weapons
L 04/29/2019 - 23:15:01: [l4d2_guncontrol_mod.smx] Unlock Plugin found, requirements for M60 exchange met, moving on
L 04/29/2019 - 23:15:07: [l4d2_WeaponUnlock.smx] WipeStoredWeapons() was called. Removing stored Weapon Spawns on map
L 04/29/2019 - 23:15:07: [l4d2_WeaponUnlock.smx] WipeStoredWeapons: About to wipe ent 275 of class weapon_spawn
L 04/29/2019 - 23:15:07: [l4d2_WeaponUnlock.smx] WipeStoredWeapons: About to wipe ent 324 of class weapon_spawn
L 04/29/2019 - 23:15:07: [l4d2_WeaponUnlock.smx] WipeStoredWeapons: About to wipe ent 666 of class weapon_spawn
L 04/29/2019 - 23:15:07: [l4d2_WeaponUnlock.smx] WipeStoredWeapons: About to wipe ent 667 of class weapon_spawn
L 04/29/2019 - 23:15:07: [l4d2_WeaponUnlock.smx] WipeStoredWeapons: About to wipe ent 887 of class weapon_spawn
L 04/29/2019 - 23:15:07: [l4d2_WeaponUnlock.smx] WipeStoredWeapons: About to wipe ent 912 of class weapon_spawn
L 04/29/2019 - 23:15:07: [l4d2_WeaponUnlock.smx] WipeStoredWeapons: About to wipe ent 915 of class weapon_spawn
L 04/29/2019 - 23:15:07: [l4d2_WeaponUnlock.smx] WipeStoredWeapons: About to wipe ent 917 of class weapon_spawn
L 04/29/2019 - 23:15:07: [l4d2_WeaponUnlock.smx] WipeStoredWeapons: About to wipe ent 918 of class weapon_spawn
L 04/29/2019 - 23:15:07: [l4d2_WeaponUnlock.smx] WipeStoredWeapons: About to wipe ent 933 of class weapon_spawn
L 04/29/2019 - 23:15:07: [l4d2_WeaponUnlock.smx] WipeStoredWeapons: About to wipe ent 934 of class weapon_spawn
L 04/29/2019 - 23:15:07: [l4d2_WeaponUnlock.smx] Commencing to spawn indexed weapons now
L 04/29/2019 - 23:15:07: [l4d2_WeaponUnlock.smx] Spawning indexed gun 0, new ent 274, original id 3, modid 3
L 04/29/2019 - 23:15:07: [l4d2_WeaponUnlock.smx] Spawning indexed gun 1, new ent 280, original id 7, modid 7
L 04/29/2019 - 23:15:07: [l4d2_WeaponUnlock.smx] Spawning indexed gun 2, new ent 281, original id 7, modid 7
L 04/29/2019 - 23:15:07: [l4d2_WeaponUnlock.smx] Spawning indexed gun 3, new ent 282, original id 8, modid 8
L 04/29/2019 - 23:15:07: [l4d2_WeaponUnlock.smx] Spawning indexed gun 4, new ent 287, original id 7, modid 7
L 04/29/2019 - 23:15:07: [l4d2_WeaponUnlock.smx] Spawning indexed gun 5, new ent 288, original id 3, modid 3
L 04/29/2019 - 23:15:07: [l4d2_WeaponUnlock.smx] Spawning indexed gun 6, new ent 289, original id 3, modid 3
L 04/29/2019 - 23:15:07: [l4d2_WeaponUnlock.smx] Spawning indexed gun 7, new ent 290, original id 32, modid 32
L 04/29/2019 - 23:15:07: [l4d2_WeaponUnlock.smx] Spawning indexed gun 8, new ent 291, original id 32, modid 32
L 04/29/2019 - 23:15:07: [l4d2_WeaponUnlock.smx] Spawning indexed gun 9, new ent 292, original id 7, modid 7
L 04/29/2019 - 23:15:07: [l4d2_WeaponUnlock.smx] Spawning indexed gun 10, new ent 294, original id 7, modid 7
L 04/29/2019 - 23:15:07: [l4d2_WeaponUnlock.smx] Finished Spawning indexed weapons
L 04/29/2019 - 23:17:04: [l4d2_guncontrol_mod.smx] Unlock Plugin found, requirements for M60 exchange met, moving on
L 04/29/2019 - 23:17:10: [l4d2_WeaponUnlock.smx] WipeStoredWeapons() was called. Removing stored Weapon Spawns on map
L 04/29/2019 - 23:17:10: [l4d2_WeaponUnlock.smx] WipeStoredWeapons: About to wipe ent 275 of class weapon_spawn
L 04/29/2019 - 23:17:10: [l4d2_WeaponUnlock.smx] WipeStoredWeapons: About to wipe ent 330 of class weapon_spawn
L 04/29/2019 - 23:17:10: [l4d2_WeaponUnlock.smx] WipeStoredWeapons: About to wipe ent 583 of class weapon_spawn
L 04/29/2019 - 23:17:10: [l4d2_WeaponUnlock.smx] WipeStoredWeapons: About to wipe ent 584 of class weapon_spawn
L 04/29/2019 - 23:17:10: [l4d2_WeaponUnlock.smx] WipeStoredWeapons: About to wipe ent 886 of class weapon_spawn
L 04/29/2019 - 23:17:10: [l4d2_WeaponUnlock.smx] WipeStoredWeapons: About to wipe ent 911 of class weapon_spawn
L 04/29/2019 - 23:17:10: [l4d2_WeaponUnlock.smx] WipeStoredWeapons: About to wipe ent 914 of class weapon_spawn
L 04/29/2019 - 23:17:10: [l4d2_WeaponUnlock.smx] WipeStoredWeapons: About to wipe ent 916 of class weapon_spawn
L 04/29/2019 - 23:17:10: [l4d2_WeaponUnlock.smx] WipeStoredWeapons: About to wipe ent 917 of class weapon_spawn
L 04/29/2019 - 23:17:10: [l4d2_WeaponUnlock.smx] WipeStoredWeapons: About to wipe ent 930 of class weapon_spawn
L 04/29/2019 - 23:17:10: [l4d2_WeaponUnlock.smx] WipeStoredWeapons: About to wipe ent 931 of class weapon_spawn
L 04/29/2019 - 23:17:10: [l4d2_WeaponUnlock.smx] Commencing to spawn indexed weapons now
L 04/29/2019 - 23:17:10: [l4d2_WeaponUnlock.smx] Spawning indexed gun 0, new ent 274, original id 3, modid 3
L 04/29/2019 - 23:17:10: [l4d2_WeaponUnlock.smx] Spawning indexed gun 1, new ent 280, original id 7, modid 7
L 04/29/2019 - 23:17:10: [l4d2_WeaponUnlock.smx] Spawning indexed gun 2, new ent 281, original id 7, modid 7
L 04/29/2019 - 23:17:10: [l4d2_WeaponUnlock.smx] Spawning indexed gun 3, new ent 282, original id 8, modid 8
L 04/29/2019 - 23:17:10: [l4d2_WeaponUnlock.smx] Spawning indexed gun 4, new ent 287, original id 7, modid 7
L 04/29/2019 - 23:17:10: [l4d2_WeaponUnlock.smx] Spawning indexed gun 5, new ent 288, original id 3, modid 3
L 04/29/2019 - 23:17:10: [l4d2_WeaponUnlock.smx] Spawning indexed gun 6, new ent 289, original id 3, modid 3
L 04/29/2019 - 23:17:10: [l4d2_WeaponUnlock.smx] Spawning indexed gun 7, new ent 290, original id 32, modid 32
L 04/29/2019 - 23:17:10: [l4d2_WeaponUnlock.smx] Spawning indexed gun 8, new ent 291, original id 32, modid 32
L 04/29/2019 - 23:17:10: [l4d2_WeaponUnlock.smx] Spawning indexed gun 9, new ent 292, original id 7, modid 7
L 04/29/2019 - 23:17:10: [l4d2_WeaponUnlock.smx] Spawning indexed gun 10, new ent 294, original id 7, modid 7
L 04/29/2019 - 23:17:10: [l4d2_WeaponUnlock.smx] Finished Spawning indexed weapons
L 04/29/2019 - 23:21:05: -------- Mapchange to c10m1_caves --------
L 04/29/2019 - 23:21:06: [l4d2_guncontrol_mod.smx] Unlock Plugin found, requirements for M60 exchange met, moving on
L 04/29/2019 - 23:21:06: [basecommands.smx] "Console<0><Console><Console>" changed cvar (cvar "mp_gamemode") (value "community5")
L 04/29/2019 - 23:21:06: [basecommands.smx] "Console<0><Console><Console>" changed cvar (cvar "sv_minrate") (value "60000")
L 04/29/2019 - 23:21:06: [basecommands.smx] "Console<0><Console><Console>" changed cvar (cvar "sv_maxrate") (value "60000")
L 04/29/2019 - 23:21:06: [basecommands.smx] "Console<0><Console><Console>" changed cvar (cvar "sv_minupdaterate") (value "60")
L 04/29/2019 - 23:21:06: [basecommands.smx] "Console<0><Console><Console>" changed cvar (cvar "sv_maxupdaterate") (value "60")
L 04/29/2019 - 23:21:06: [basecommands.smx] "Console<0><Console><Console>" changed cvar (cvar "sv_mincmdrate") (value "60")
L 04/29/2019 - 23:21:06: [basecommands.smx] "Console<0><Console><Console>" changed cvar (cvar "sv_maxcmdrate") (value "60")
L 04/29/2019 - 23:21:06: [basecommands.smx] "Console<0><Console><Console>" changed cvar (cvar "sv_client_min_interp_ratio") (value "0")
L 04/29/2019 - 23:21:06: [basecommands.smx] "Console<0><Console><Console>" changed cvar (cvar "sv_client_max_interp_ratio") (value "2")
L 04/29/2019 - 23:21:06: [basecommands.smx] "Console<0><Console><Console>" changed cvar (cvar "fps_max") (value "120")
L 04/29/2019 - 23:21:06: [basecommands.smx] "Console<0><Console><Console>" changed cvar (cvar "nb_update_frequency") (value "0.03")
L 04/29/2019 - 23:21:06: [basecommands.smx] "Console<0><Console><Console>" changed cvar (cvar "net_splitrate") (value "2")
L 04/29/2019 - 23:21:06: [basecommands.smx] "Console<0><Console><Console>" changed cvar (cvar "net_splitpacket_maxrate") (value "30000")
L 04/29/2019 - 23:21:06: [basecommands.smx] "Console<0><Console><Console>" changed cvar (cvar "sv_maxplayers") (value "6")
L 04/29/2019 - 23:21:06: [basecommands.smx] "Console<0><Console><Console>" changed cvar (cvar "sv_visiblemaxplayers") (value "4")
L 04/29/2019 - 23:21:06: [basecommands.smx] "Console<0><Console><Console>" changed cvar (cvar "sv_allow_votes") (value "1")
L 04/29/2019 - 23:21:13: [l4d2_WeaponUnlock.smx] Indexed dynamic weapon_spawn, spawnid 7, index 0 - removing entid 51 now
L 04/29/2019 - 23:21:13: [l4d2_WeaponUnlock.smx] Indexed dynamic weapon_spawn, spawnid 3, index 1 - removing entid 52 now
L 04/29/2019 - 23:21:13: [l4d2_WeaponUnlock.smx] Indexed dynamic weapon_spawn, spawnid 3, index 2 - removing entid 221 now
L 04/29/2019 - 23:21:13: [l4d2_WeaponUnlock.smx] Indexed dynamic weapon_spawn, spawnid 7, index 3 - removing entid 222 now
L 04/29/2019 - 23:21:13: [l4d2_WeaponUnlock.smx] WipeStoredWeapons() was called. Removing stored Weapon Spawns on map
L 04/29/2019 - 23:21:13: [l4d2_WeaponUnlock.smx] Commencing to spawn indexed weapons now
L 04/29/2019 - 23:21:13: [l4d2_WeaponUnlock.smx] Spawning indexed gun 0, new ent 74, original id 7, modid 7
L 04/29/2019 - 23:21:13: [l4d2_WeaponUnlock.smx] Spawning indexed gun 1, new ent 97, original id 3, modid 3
L 04/29/2019 - 23:21:13: [l4d2_WeaponUnlock.smx] Spawning indexed gun 2, new ent 98, original id 3, modid 3
L 04/29/2019 - 23:21:13: [l4d2_WeaponUnlock.smx] Spawning indexed gun 3, new ent 103, original id 7, modid 7
L 04/29/2019 - 23:21:13: [l4d2_WeaponUnlock.smx] Finished Spawning indexed weapons
L 04/29/2019 - 23:23:11: [l4d2_guncontrol_mod.smx] Unlock Plugin found, requirements for M60 exchange met, moving on
L 04/29/2019 - 23:23:17: [l4d2_WeaponUnlock.smx] WipeStoredWeapons() was called. Removing stored Weapon Spawns on map
L 04/29/2019 - 23:23:17: [l4d2_WeaponUnlock.smx] WipeStoredWeapons: About to wipe ent 53 of class weapon_spawn
L 04/29/2019 - 23:23:17: [l4d2_WeaponUnlock.smx] WipeStoredWeapons: About to wipe ent 54 of class weapon_spawn
L 04/29/2019 - 23:23:17: [l4d2_WeaponUnlock.smx] WipeStoredWeapons: About to wipe ent 229 of class weapon_spawn
L 04/29/2019 - 23:23:17: [l4d2_WeaponUnlock.smx] Commencing to spawn indexed weapons now
L 04/29/2019 - 23:23:17: [l4d2_WeaponUnlock.smx] Spawning indexed gun 0, new ent 74, original id 7, modid 7
L 04/29/2019 - 23:23:17: [l4d2_WeaponUnlock.smx] Spawning indexed gun 1, new ent 138, original id 3, modid 3
L 04/29/2019 - 23:23:17: [l4d2_WeaponUnlock.smx] Spawning indexed gun 2, new ent 145, original id 3, modid 3
L 04/29/2019 - 23:23:17: [l4d2_WeaponUnlock.smx] Spawning indexed gun 3, new ent 146, original id 7, modid 7
L 04/29/2019 - 23:23:17: [l4d2_WeaponUnlock.smx] Finished Spawning indexed weapons
L 04/29/2019 - 23:24:21: [l4d2_guncontrol_mod.smx] Unlock Plugin found, requirements for M60 exchange met, moving on
