L 04/28/2019 - 11:18:18: SourceMod log file session started (file "L20190428.log") (Version "1.9.0.6276")
L 04/28/2019 - 11:18:18: [SM] Changed map to "c2m1_highway"
L 04/28/2019 - 11:18:18: -------- Mapchange to c2m1_highway --------
L 04/28/2019 - 11:18:20: [l4d2_guncontrol_mod.smx] Unlock Plugin found, requirements for M60 exchange met, moving on
L 04/28/2019 - 11:18:20: [basecommands.smx] "Console<0><Console><Console>" changed cvar (cvar "mp_gamemode") (value "community5")
L 04/28/2019 - 11:18:20: [basecommands.smx] "Console<0><Console><Console>" changed cvar (cvar "sv_minrate") (value "60000")
L 04/28/2019 - 11:18:20: [basecommands.smx] "Console<0><Console><Console>" changed cvar (cvar "sv_maxrate") (value "60000")
L 04/28/2019 - 11:18:20: [basecommands.smx] "Console<0><Console><Console>" changed cvar (cvar "sv_minupdaterate") (value "60")
L 04/28/2019 - 11:18:20: [basecommands.smx] "Console<0><Console><Console>" changed cvar (cvar "sv_maxupdaterate") (value "60")
L 04/28/2019 - 11:18:20: [basecommands.smx] "Console<0><Console><Console>" changed cvar (cvar "sv_mincmdrate") (value "60")
L 04/28/2019 - 11:18:20: [basecommands.smx] "Console<0><Console><Console>" changed cvar (cvar "sv_maxcmdrate") (value "60")
L 04/28/2019 - 11:18:20: [basecommands.smx] "Console<0><Console><Console>" changed cvar (cvar "sv_client_min_interp_ratio") (value "0")
L 04/28/2019 - 11:18:20: [basecommands.smx] "Console<0><Console><Console>" changed cvar (cvar "sv_client_max_interp_ratio") (value "2")
L 04/28/2019 - 11:18:20: [basecommands.smx] "Console<0><Console><Console>" changed cvar (cvar "fps_max") (value "120")
L 04/28/2019 - 11:18:20: [basecommands.smx] "Console<0><Console><Console>" changed cvar (cvar "nb_update_frequency") (value "0.03")
L 04/28/2019 - 11:18:20: [basecommands.smx] "Console<0><Console><Console>" changed cvar (cvar "net_splitrate") (value "2")
L 04/28/2019 - 11:18:20: [basecommands.smx] "Console<0><Console><Console>" changed cvar (cvar "net_splitpacket_maxrate") (value "30000")
L 04/28/2019 - 11:18:20: [basecommands.smx] "Console<0><Console><Console>" changed cvar (cvar "sv_maxplayers") (value "6")
L 04/28/2019 - 11:18:20: [basecommands.smx] "Console<0><Console><Console>" changed cvar (cvar "sv_visiblemaxplayers") (value "4")
L 04/28/2019 - 11:18:20: [basecommands.smx] "Console<0><Console><Console>" changed cvar (cvar "sv_allow_votes") (value "1")
L 04/28/2019 - 11:18:25: [l4d2_WeaponUnlock.smx] Indexed dynamic weapon_spawn, spawnid 2, index 0 - removing entid 275 now
L 04/28/2019 - 11:18:25: [l4d2_WeaponUnlock.smx] Indexed dynamic weapon_spawn, spawnid 2, index 1 - removing entid 317 now
L 04/28/2019 - 11:18:25: [l4d2_WeaponUnlock.smx] Indexed dynamic weapon_spawn, spawnid 2, index 2 - removing entid 583 now
L 04/28/2019 - 11:18:25: [l4d2_WeaponUnlock.smx] Indexed dynamic weapon_spawn, spawnid 8, index 3 - removing entid 584 now
L 04/28/2019 - 11:18:25: [l4d2_WeaponUnlock.smx] Indexed dynamic weapon_spawn, spawnid 7, index 4 - removing entid 776 now
L 04/28/2019 - 11:18:25: [l4d2_WeaponUnlock.smx] Indexed dynamic weapon_spawn, spawnid 2, index 5 - removing entid 803 now
L 04/28/2019 - 11:18:25: [l4d2_WeaponUnlock.smx] Indexed dynamic weapon_spawn, spawnid 2, index 6 - removing entid 806 now
L 04/28/2019 - 11:18:25: [l4d2_WeaponUnlock.smx] Indexed dynamic weapon_spawn, spawnid 32, index 7 - removing entid 808 now
L 04/28/2019 - 11:18:25: [l4d2_WeaponUnlock.smx] Indexed dynamic weapon_spawn, spawnid 1, index 8 - removing entid 809 now
L 04/28/2019 - 11:18:25: [l4d2_WeaponUnlock.smx] Indexed dynamic weapon_spawn, spawnid 8, index 9 - removing entid 822 now
L 04/28/2019 - 11:18:25: [l4d2_WeaponUnlock.smx] Indexed dynamic weapon_spawn, spawnid 3, index 10 - removing entid 823 now
L 04/28/2019 - 11:18:25: [l4d2_WeaponUnlock.smx] WipeStoredWeapons() was called. Removing stored Weapon Spawns on map
L 04/28/2019 - 11:18:25: [l4d2_WeaponUnlock.smx] Commencing to spawn indexed weapons now
L 04/28/2019 - 11:18:25: [l4d2_WeaponUnlock.smx] Spawning indexed gun 0, new ent 257, original id 2, modid 2
L 04/28/2019 - 11:18:25: [l4d2_WeaponUnlock.smx] Spawning indexed gun 1, new ent 258, original id 2, modid 2
L 04/28/2019 - 11:18:25: [l4d2_WeaponUnlock.smx] Spawning indexed gun 2, new ent 259, original id 2, modid 2
L 04/28/2019 - 11:18:25: [l4d2_WeaponUnlock.smx] Spawning indexed gun 3, new ent 260, original id 8, modid 8
L 04/28/2019 - 11:18:25: [l4d2_WeaponUnlock.smx] Spawning indexed gun 4, new ent 261, original id 7, modid 7
L 04/28/2019 - 11:18:25: [l4d2_WeaponUnlock.smx] Spawning indexed gun 5, new ent 271, original id 2, modid 2
L 04/28/2019 - 11:18:25: [l4d2_WeaponUnlock.smx] Spawning indexed gun 6, new ent 272, original id 2, modid 2
L 04/28/2019 - 11:18:25: [l4d2_WeaponUnlock.smx] Spawning indexed gun 7, new ent 276, original id 32, modid 32
L 04/28/2019 - 11:18:25: [l4d2_WeaponUnlock.smx] Spawning indexed gun 8, new ent 277, original id 1, modid 1
L 04/28/2019 - 11:18:25: [l4d2_WeaponUnlock.smx] Spawning indexed gun 9, new ent 278, original id 8, modid 8
L 04/28/2019 - 11:18:25: [l4d2_WeaponUnlock.smx] Spawning indexed gun 10, new ent 282, original id 3, modid 3
L 04/28/2019 - 11:18:25: [l4d2_WeaponUnlock.smx] Finished Spawning indexed weapons
L 04/28/2019 - 11:18:26: [l4d2_WeaponUnlock.smx] WipeStoredWeapons() was called. Removing stored Weapon Spawns on map
L 04/28/2019 - 11:18:26: [l4d2_WeaponUnlock.smx] WipeStoredWeapons: About to wipe ent 257 of class weapon_spawn
L 04/28/2019 - 11:18:26: [l4d2_WeaponUnlock.smx] WipeStoredWeapons: About to wipe ent 258 of class weapon_spawn
L 04/28/2019 - 11:18:26: [l4d2_WeaponUnlock.smx] WipeStoredWeapons: About to wipe ent 259 of class weapon_spawn
L 04/28/2019 - 11:18:26: [l4d2_WeaponUnlock.smx] WipeStoredWeapons: About to wipe ent 260 of class weapon_spawn
L 04/28/2019 - 11:18:26: [l4d2_WeaponUnlock.smx] WipeStoredWeapons: About to wipe ent 261 of class weapon_spawn
L 04/28/2019 - 11:18:26: [l4d2_WeaponUnlock.smx] WipeStoredWeapons: About to wipe ent 271 of class weapon_spawn
L 04/28/2019 - 11:18:26: [l4d2_WeaponUnlock.smx] WipeStoredWeapons: About to wipe ent 272 of class weapon_spawn
L 04/28/2019 - 11:18:26: [l4d2_WeaponUnlock.smx] WipeStoredWeapons: About to wipe ent 276 of class weapon_spawn
L 04/28/2019 - 11:18:26: [l4d2_WeaponUnlock.smx] WipeStoredWeapons: About to wipe ent 277 of class weapon_spawn
L 04/28/2019 - 11:18:26: [l4d2_WeaponUnlock.smx] WipeStoredWeapons: About to wipe ent 278 of class weapon_spawn
L 04/28/2019 - 11:18:26: [l4d2_WeaponUnlock.smx] WipeStoredWeapons: About to wipe ent 282 of class weapon_spawn
L 04/28/2019 - 11:18:26: [l4d2_WeaponUnlock.smx] Commencing to spawn indexed weapons now
L 04/28/2019 - 11:18:26: [l4d2_WeaponUnlock.smx] Spawning indexed gun 0, new ent 275, original id 2, modid 2
L 04/28/2019 - 11:18:26: [l4d2_WeaponUnlock.smx] Spawning indexed gun 1, new ent 290, original id 2, modid 2
L 04/28/2019 - 11:18:26: [l4d2_WeaponUnlock.smx] Spawning indexed gun 2, new ent 291, original id 2, modid 2
L 04/28/2019 - 11:18:26: [l4d2_WeaponUnlock.smx] Spawning indexed gun 3, new ent 293, original id 8, modid 8
L 04/28/2019 - 11:18:26: [l4d2_WeaponUnlock.smx] Spawning indexed gun 4, new ent 294, original id 7, modid 7
L 04/28/2019 - 11:18:26: [l4d2_WeaponUnlock.smx] Spawning indexed gun 5, new ent 295, original id 2, modid 2
L 04/28/2019 - 11:18:26: [l4d2_WeaponUnlock.smx] Spawning indexed gun 6, new ent 297, original id 2, modid 2
L 04/28/2019 - 11:18:26: [l4d2_WeaponUnlock.smx] Spawning indexed gun 7, new ent 298, original id 32, modid 32
L 04/28/2019 - 11:18:26: [l4d2_WeaponUnlock.smx] Spawning indexed gun 8, new ent 299, original id 1, modid 1
L 04/28/2019 - 11:18:26: [l4d2_WeaponUnlock.smx] Spawning indexed gun 9, new ent 301, original id 8, modid 8
L 04/28/2019 - 11:18:26: [l4d2_WeaponUnlock.smx] Spawning indexed gun 10, new ent 303, original id 3, modid 3
L 04/28/2019 - 11:18:26: [l4d2_WeaponUnlock.smx] Finished Spawning indexed weapons
L 04/28/2019 - 11:20:49: [l4d2_guncontrol_mod.smx] Unlock Plugin found, requirements for M60 exchange met, moving on
L 04/28/2019 - 11:20:55: [l4d2_WeaponUnlock.smx] WipeStoredWeapons() was called. Removing stored Weapon Spawns on map
L 04/28/2019 - 11:20:55: [l4d2_WeaponUnlock.smx] WipeStoredWeapons: About to wipe ent 283 of class weapon_spawn
L 04/28/2019 - 11:20:55: [l4d2_WeaponUnlock.smx] WipeStoredWeapons: About to wipe ent 325 of class weapon_spawn
L 04/28/2019 - 11:20:55: [l4d2_WeaponUnlock.smx] WipeStoredWeapons: About to wipe ent 660 of class weapon_spawn
L 04/28/2019 - 11:20:55: [l4d2_WeaponUnlock.smx] WipeStoredWeapons: About to wipe ent 661 of class weapon_spawn
L 04/28/2019 - 11:20:55: [l4d2_WeaponUnlock.smx] WipeStoredWeapons: About to wipe ent 879 of class weapon_spawn
L 04/28/2019 - 11:20:55: [l4d2_WeaponUnlock.smx] WipeStoredWeapons: About to wipe ent 909 of class weapon_spawn
L 04/28/2019 - 11:20:55: [l4d2_WeaponUnlock.smx] WipeStoredWeapons: About to wipe ent 914 of class weapon_spawn
L 04/28/2019 - 11:20:55: [l4d2_WeaponUnlock.smx] WipeStoredWeapons: About to wipe ent 916 of class weapon_spawn
L 04/28/2019 - 11:20:55: [l4d2_WeaponUnlock.smx] WipeStoredWeapons: About to wipe ent 917 of class weapon_spawn
L 04/28/2019 - 11:20:55: [l4d2_WeaponUnlock.smx] WipeStoredWeapons: About to wipe ent 930 of class weapon_spawn
L 04/28/2019 - 11:20:55: [l4d2_WeaponUnlock.smx] WipeStoredWeapons: About to wipe ent 931 of class weapon_spawn
L 04/28/2019 - 11:20:55: [l4d2_WeaponUnlock.smx] Commencing to spawn indexed weapons now
L 04/28/2019 - 11:20:55: [l4d2_WeaponUnlock.smx] Spawning indexed gun 0, new ent 279, original id 2, modid 2
L 04/28/2019 - 11:20:55: [l4d2_WeaponUnlock.smx] Spawning indexed gun 1, new ent 282, original id 2, modid 2
L 04/28/2019 - 11:20:55: [l4d2_WeaponUnlock.smx] Spawning indexed gun 2, new ent 284, original id 2, modid 2
L 04/28/2019 - 11:20:55: [l4d2_WeaponUnlock.smx] Spawning indexed gun 3, new ent 285, original id 8, modid 8
L 04/28/2019 - 11:20:55: [l4d2_WeaponUnlock.smx] Spawning indexed gun 4, new ent 286, original id 7, modid 7
L 04/28/2019 - 11:20:55: [l4d2_WeaponUnlock.smx] Spawning indexed gun 5, new ent 288, original id 2, modid 2
L 04/28/2019 - 11:20:55: [l4d2_WeaponUnlock.smx] Spawning indexed gun 6, new ent 289, original id 2, modid 2
L 04/28/2019 - 11:20:55: [l4d2_WeaponUnlock.smx] Spawning indexed gun 7, new ent 290, original id 32, modid 32
L 04/28/2019 - 11:20:55: [l4d2_WeaponUnlock.smx] Spawning indexed gun 8, new ent 291, original id 1, modid 1
L 04/28/2019 - 11:20:55: [l4d2_WeaponUnlock.smx] Spawning indexed gun 9, new ent 292, original id 8, modid 8
L 04/28/2019 - 11:20:55: [l4d2_WeaponUnlock.smx] Spawning indexed gun 10, new ent 293, original id 3, modid 3
L 04/28/2019 - 11:20:55: [l4d2_WeaponUnlock.smx] Finished Spawning indexed weapons
L 04/28/2019 - 11:21:57: [l4d2_guncontrol_mod.smx] Unlock Plugin found, requirements for M60 exchange met, moving on
L 04/28/2019 - 11:22:03: [l4d2_WeaponUnlock.smx] WipeStoredWeapons() was called. Removing stored Weapon Spawns on map
L 04/28/2019 - 11:22:03: [l4d2_WeaponUnlock.smx] WipeStoredWeapons: About to wipe ent 282 of class weapon_spawn
L 04/28/2019 - 11:22:03: [l4d2_WeaponUnlock.smx] WipeStoredWeapons: About to wipe ent 324 of class weapon_spawn
L 04/28/2019 - 11:22:03: [l4d2_WeaponUnlock.smx] WipeStoredWeapons: About to wipe ent 678 of class weapon_spawn
L 04/28/2019 - 11:22:03: [l4d2_WeaponUnlock.smx] WipeStoredWeapons: About to wipe ent 679 of class weapon_spawn
L 04/28/2019 - 11:22:03: [l4d2_WeaponUnlock.smx] WipeStoredWeapons: About to wipe ent 880 of class weapon_spawn
L 04/28/2019 - 11:22:03: [l4d2_WeaponUnlock.smx] WipeStoredWeapons: About to wipe ent 905 of class weapon_spawn
L 04/28/2019 - 11:22:03: [l4d2_WeaponUnlock.smx] WipeStoredWeapons: About to wipe ent 908 of class weapon_spawn
L 04/28/2019 - 11:22:03: [l4d2_WeaponUnlock.smx] WipeStoredWeapons: About to wipe ent 910 of class weapon_spawn
L 04/28/2019 - 11:22:03: [l4d2_WeaponUnlock.smx] WipeStoredWeapons: About to wipe ent 911 of class weapon_spawn
L 04/28/2019 - 11:22:03: [l4d2_WeaponUnlock.smx] WipeStoredWeapons: About to wipe ent 924 of class weapon_spawn
L 04/28/2019 - 11:22:03: [l4d2_WeaponUnlock.smx] WipeStoredWeapons: About to wipe ent 925 of class weapon_spawn
L 04/28/2019 - 11:22:03: [l4d2_WeaponUnlock.smx] Commencing to spawn indexed weapons now
L 04/28/2019 - 11:22:03: [l4d2_WeaponUnlock.smx] Spawning indexed gun 0, new ent 279, original id 2, modid 2
L 04/28/2019 - 11:22:03: [l4d2_WeaponUnlock.smx] Spawning indexed gun 1, new ent 283, original id 2, modid 2
L 04/28/2019 - 11:22:03: [l4d2_WeaponUnlock.smx] Spawning indexed gun 2, new ent 284, original id 2, modid 2
L 04/28/2019 - 11:22:03: [l4d2_WeaponUnlock.smx] Spawning indexed gun 3, new ent 285, original id 8, modid 8
L 04/28/2019 - 11:22:03: [l4d2_WeaponUnlock.smx] Spawning indexed gun 4, new ent 287, original id 7, modid 7
L 04/28/2019 - 11:22:03: [l4d2_WeaponUnlock.smx] Spawning indexed gun 5, new ent 288, original id 2, modid 2
L 04/28/2019 - 11:22:03: [l4d2_WeaponUnlock.smx] Spawning indexed gun 6, new ent 289, original id 2, modid 2
L 04/28/2019 - 11:22:03: [l4d2_WeaponUnlock.smx] Spawning indexed gun 7, new ent 290, original id 32, modid 32
L 04/28/2019 - 11:22:03: [l4d2_WeaponUnlock.smx] Spawning indexed gun 8, new ent 291, original id 1, modid 1
L 04/28/2019 - 11:22:03: [l4d2_WeaponUnlock.smx] Spawning indexed gun 9, new ent 292, original id 8, modid 8
L 04/28/2019 - 11:22:03: [l4d2_WeaponUnlock.smx] Spawning indexed gun 10, new ent 294, original id 3, modid 3
L 04/28/2019 - 11:22:03: [l4d2_WeaponUnlock.smx] Finished Spawning indexed weapons
L 04/28/2019 - 11:23:07: [l4d2_guncontrol_mod.smx] Unlock Plugin found, requirements for M60 exchange met, moving on
L 04/28/2019 - 11:23:13: [l4d2_WeaponUnlock.smx] WipeStoredWeapons() was called. Removing stored Weapon Spawns on map
L 04/28/2019 - 11:23:13: [l4d2_WeaponUnlock.smx] WipeStoredWeapons: About to wipe ent 275 of class weapon_spawn
L 04/28/2019 - 11:23:13: [l4d2_WeaponUnlock.smx] WipeStoredWeapons: About to wipe ent 322 of class weapon_spawn
L 04/28/2019 - 11:23:13: [l4d2_WeaponUnlock.smx] WipeStoredWeapons: About to wipe ent 583 of class weapon_spawn
L 04/28/2019 - 11:23:13: [l4d2_WeaponUnlock.smx] WipeStoredWeapons: About to wipe ent 584 of class weapon_spawn
L 04/28/2019 - 11:23:13: [l4d2_WeaponUnlock.smx] WipeStoredWeapons: About to wipe ent 884 of class weapon_spawn
L 04/28/2019 - 11:23:13: [l4d2_WeaponUnlock.smx] WipeStoredWeapons: About to wipe ent 909 of class weapon_spawn
L 04/28/2019 - 11:23:13: [l4d2_WeaponUnlock.smx] WipeStoredWeapons: About to wipe ent 912 of class weapon_spawn
L 04/28/2019 - 11:23:13: [l4d2_WeaponUnlock.smx] WipeStoredWeapons: About to wipe ent 914 of class weapon_spawn
L 04/28/2019 - 11:23:13: [l4d2_WeaponUnlock.smx] WipeStoredWeapons: About to wipe ent 915 of class weapon_spawn
L 04/28/2019 - 11:23:13: [l4d2_WeaponUnlock.smx] WipeStoredWeapons: About to wipe ent 928 of class weapon_spawn
L 04/28/2019 - 11:23:13: [l4d2_WeaponUnlock.smx] WipeStoredWeapons: About to wipe ent 929 of class weapon_spawn
L 04/28/2019 - 11:23:13: [l4d2_WeaponUnlock.smx] Commencing to spawn indexed weapons now
L 04/28/2019 - 11:23:13: [l4d2_WeaponUnlock.smx] Spawning indexed gun 0, new ent 281, original id 2, modid 2
L 04/28/2019 - 11:23:13: [l4d2_WeaponUnlock.smx] Spawning indexed gun 1, new ent 282, original id 2, modid 2
L 04/28/2019 - 11:23:13: [l4d2_WeaponUnlock.smx] Spawning indexed gun 2, new ent 285, original id 2, modid 2
L 04/28/2019 - 11:23:13: [l4d2_WeaponUnlock.smx] Spawning indexed gun 3, new ent 286, original id 8, modid 8
L 04/28/2019 - 11:23:13: [l4d2_WeaponUnlock.smx] Spawning indexed gun 4, new ent 287, original id 7, modid 7
L 04/28/2019 - 11:23:13: [l4d2_WeaponUnlock.smx] Spawning indexed gun 5, new ent 288, original id 2, modid 2
L 04/28/2019 - 11:23:13: [l4d2_WeaponUnlock.smx] Spawning indexed gun 6, new ent 289, original id 2, modid 2
L 04/28/2019 - 11:23:13: [l4d2_WeaponUnlock.smx] Spawning indexed gun 7, new ent 290, original id 32, modid 32
L 04/28/2019 - 11:23:13: [l4d2_WeaponUnlock.smx] Spawning indexed gun 8, new ent 292, original id 1, modid 1
L 04/28/2019 - 11:23:13: [l4d2_WeaponUnlock.smx] Spawning indexed gun 9, new ent 293, original id 8, modid 8
L 04/28/2019 - 11:23:13: [l4d2_WeaponUnlock.smx] Spawning indexed gun 10, new ent 294, original id 3, modid 3
L 04/28/2019 - 11:23:13: [l4d2_WeaponUnlock.smx] Finished Spawning indexed weapons
L 04/28/2019 - 11:24:15: [l4d2_guncontrol_mod.smx] Unlock Plugin found, requirements for M60 exchange met, moving on
L 04/28/2019 - 11:24:21: [l4d2_WeaponUnlock.smx] WipeStoredWeapons() was called. Removing stored Weapon Spawns on map
L 04/28/2019 - 11:24:21: [l4d2_WeaponUnlock.smx] WipeStoredWeapons: About to wipe ent 282 of class weapon_spawn
L 04/28/2019 - 11:24:21: [l4d2_WeaponUnlock.smx] WipeStoredWeapons: About to wipe ent 326 of class weapon_spawn
L 04/28/2019 - 11:24:21: [l4d2_WeaponUnlock.smx] WipeStoredWeapons: About to wipe ent 583 of class weapon_spawn
L 04/28/2019 - 11:24:21: [l4d2_WeaponUnlock.smx] WipeStoredWeapons: About to wipe ent 584 of class weapon_spawn
L 04/28/2019 - 11:24:21: [l4d2_WeaponUnlock.smx] WipeStoredWeapons: About to wipe ent 886 of class weapon_spawn
L 04/28/2019 - 11:24:21: [l4d2_WeaponUnlock.smx] WipeStoredWeapons: About to wipe ent 911 of class weapon_spawn
L 04/28/2019 - 11:24:21: [l4d2_WeaponUnlock.smx] WipeStoredWeapons: About to wipe ent 914 of class weapon_spawn
L 04/28/2019 - 11:24:21: [l4d2_WeaponUnlock.smx] WipeStoredWeapons: About to wipe ent 916 of class weapon_spawn
L 04/28/2019 - 11:24:21: [l4d2_WeaponUnlock.smx] WipeStoredWeapons: About to wipe ent 917 of class weapon_spawn
L 04/28/2019 - 11:24:21: [l4d2_WeaponUnlock.smx] WipeStoredWeapons: About to wipe ent 930 of class weapon_spawn
L 04/28/2019 - 11:24:21: [l4d2_WeaponUnlock.smx] WipeStoredWeapons: About to wipe ent 931 of class weapon_spawn
L 04/28/2019 - 11:24:21: [l4d2_WeaponUnlock.smx] Commencing to spawn indexed weapons now
L 04/28/2019 - 11:24:21: [l4d2_WeaponUnlock.smx] Spawning indexed gun 0, new ent 279, original id 2, modid 2
L 04/28/2019 - 11:24:21: [l4d2_WeaponUnlock.smx] Spawning indexed gun 1, new ent 283, original id 2, modid 2
L 04/28/2019 - 11:24:21: [l4d2_WeaponUnlock.smx] Spawning indexed gun 2, new ent 284, original id 2, modid 2
L 04/28/2019 - 11:24:21: [l4d2_WeaponUnlock.smx] Spawning indexed gun 3, new ent 285, original id 8, modid 8
L 04/28/2019 - 11:24:21: [l4d2_WeaponUnlock.smx] Spawning indexed gun 4, new ent 287, original id 7, modid 7
L 04/28/2019 - 11:24:21: [l4d2_WeaponUnlock.smx] Spawning indexed gun 5, new ent 288, original id 2, modid 2
L 04/28/2019 - 11:24:21: [l4d2_WeaponUnlock.smx] Spawning indexed gun 6, new ent 289, original id 2, modid 2
L 04/28/2019 - 11:24:21: [l4d2_WeaponUnlock.smx] Spawning indexed gun 7, new ent 290, original id 32, modid 32
L 04/28/2019 - 11:24:21: [l4d2_WeaponUnlock.smx] Spawning indexed gun 8, new ent 291, original id 1, modid 1
L 04/28/2019 - 11:24:21: [l4d2_WeaponUnlock.smx] Spawning indexed gun 9, new ent 292, original id 8, modid 8
L 04/28/2019 - 11:24:21: [l4d2_WeaponUnlock.smx] Spawning indexed gun 10, new ent 294, original id 3, modid 3
L 04/28/2019 - 11:24:21: [l4d2_WeaponUnlock.smx] Finished Spawning indexed weapons
L 04/28/2019 - 11:25:22: [l4d2_guncontrol_mod.smx] Unlock Plugin found, requirements for M60 exchange met, moving on
L 04/28/2019 - 11:25:28: [l4d2_WeaponUnlock.smx] WipeStoredWeapons() was called. Removing stored Weapon Spawns on map
L 04/28/2019 - 11:25:28: [l4d2_WeaponUnlock.smx] WipeStoredWeapons: About to wipe ent 282 of class weapon_spawn
L 04/28/2019 - 11:25:28: [l4d2_WeaponUnlock.smx] WipeStoredWeapons: About to wipe ent 324 of class weapon_spawn
L 04/28/2019 - 11:25:28: [l4d2_WeaponUnlock.smx] WipeStoredWeapons: About to wipe ent 583 of class weapon_spawn
L 04/28/2019 - 11:25:28: [l4d2_WeaponUnlock.smx] WipeStoredWeapons: About to wipe ent 584 of class weapon_spawn
L 04/28/2019 - 11:25:28: [l4d2_WeaponUnlock.smx] WipeStoredWeapons: About to wipe ent 886 of class weapon_spawn
L 04/28/2019 - 11:25:28: [l4d2_WeaponUnlock.smx] WipeStoredWeapons: About to wipe ent 911 of class weapon_spawn
L 04/28/2019 - 11:25:28: [l4d2_WeaponUnlock.smx] WipeStoredWeapons: About to wipe ent 914 of class weapon_spawn
L 04/28/2019 - 11:25:28: [l4d2_WeaponUnlock.smx] WipeStoredWeapons: About to wipe ent 916 of class weapon_spawn
L 04/28/2019 - 11:25:28: [l4d2_WeaponUnlock.smx] WipeStoredWeapons: About to wipe ent 917 of class weapon_spawn
L 04/28/2019 - 11:25:28: [l4d2_WeaponUnlock.smx] WipeStoredWeapons: About to wipe ent 930 of class weapon_spawn
L 04/28/2019 - 11:25:28: [l4d2_WeaponUnlock.smx] WipeStoredWeapons: About to wipe ent 931 of class weapon_spawn
L 04/28/2019 - 11:25:28: [l4d2_WeaponUnlock.smx] Commencing to spawn indexed weapons now
L 04/28/2019 - 11:25:28: [l4d2_WeaponUnlock.smx] Spawning indexed gun 0, new ent 279, original id 2, modid 2
L 04/28/2019 - 11:25:28: [l4d2_WeaponUnlock.smx] Spawning indexed gun 1, new ent 283, original id 2, modid 2
L 04/28/2019 - 11:25:28: [l4d2_WeaponUnlock.smx] Spawning indexed gun 2, new ent 284, original id 2, modid 2
L 04/28/2019 - 11:25:28: [l4d2_WeaponUnlock.smx] Spawning indexed gun 3, new ent 285, original id 8, modid 8
L 04/28/2019 - 11:25:28: [l4d2_WeaponUnlock.smx] Spawning indexed gun 4, new ent 287, original id 7, modid 7
L 04/28/2019 - 11:25:28: [l4d2_WeaponUnlock.smx] Spawning indexed gun 5, new ent 288, original id 2, modid 2
L 04/28/2019 - 11:25:28: [l4d2_WeaponUnlock.smx] Spawning indexed gun 6, new ent 289, original id 2, modid 2
L 04/28/2019 - 11:25:28: [l4d2_WeaponUnlock.smx] Spawning indexed gun 7, new ent 290, original id 32, modid 32
L 04/28/2019 - 11:25:28: [l4d2_WeaponUnlock.smx] Spawning indexed gun 8, new ent 291, original id 1, modid 1
L 04/28/2019 - 11:25:28: [l4d2_WeaponUnlock.smx] Spawning indexed gun 9, new ent 292, original id 8, modid 8
L 04/28/2019 - 11:25:28: [l4d2_WeaponUnlock.smx] Spawning indexed gun 10, new ent 294, original id 3, modid 3
L 04/28/2019 - 11:25:28: [l4d2_WeaponUnlock.smx] Finished Spawning indexed weapons
L 04/28/2019 - 11:26:32: [l4d2_guncontrol_mod.smx] Unlock Plugin found, requirements for M60 exchange met, moving on
L 04/28/2019 - 11:26:38: [l4d2_WeaponUnlock.smx] WipeStoredWeapons() was called. Removing stored Weapon Spawns on map
L 04/28/2019 - 11:26:38: [l4d2_WeaponUnlock.smx] WipeStoredWeapons: About to wipe ent 282 of class weapon_spawn
L 04/28/2019 - 11:26:38: [l4d2_WeaponUnlock.smx] WipeStoredWeapons: About to wipe ent 326 of class weapon_spawn
L 04/28/2019 - 11:26:38: [l4d2_WeaponUnlock.smx] WipeStoredWeapons: About to wipe ent 583 of class weapon_spawn
L 04/28/2019 - 11:26:38: [l4d2_WeaponUnlock.smx] WipeStoredWeapons: About to wipe ent 584 of class weapon_spawn
L 04/28/2019 - 11:26:38: [l4d2_WeaponUnlock.smx] WipeStoredWeapons: About to wipe ent 886 of class weapon_spawn
L 04/28/2019 - 11:26:38: [l4d2_WeaponUnlock.smx] WipeStoredWeapons: About to wipe ent 911 of class weapon_spawn
L 04/28/2019 - 11:26:38: [l4d2_WeaponUnlock.smx] WipeStoredWeapons: About to wipe ent 914 of class weapon_spawn
L 04/28/2019 - 11:26:38: [l4d2_WeaponUnlock.smx] WipeStoredWeapons: About to wipe ent 916 of class weapon_spawn
L 04/28/2019 - 11:26:38: [l4d2_WeaponUnlock.smx] WipeStoredWeapons: About to wipe ent 917 of class weapon_spawn
L 04/28/2019 - 11:26:38: [l4d2_WeaponUnlock.smx] WipeStoredWeapons: About to wipe ent 930 of class weapon_spawn
L 04/28/2019 - 11:26:38: [l4d2_WeaponUnlock.smx] WipeStoredWeapons: About to wipe ent 931 of class weapon_spawn
L 04/28/2019 - 11:26:38: [l4d2_WeaponUnlock.smx] Commencing to spawn indexed weapons now
L 04/28/2019 - 11:26:38: [l4d2_WeaponUnlock.smx] Spawning indexed gun 0, new ent 279, original id 2, modid 2
L 04/28/2019 - 11:26:38: [l4d2_WeaponUnlock.smx] Spawning indexed gun 1, new ent 283, original id 2, modid 2
L 04/28/2019 - 11:26:38: [l4d2_WeaponUnlock.smx] Spawning indexed gun 2, new ent 284, original id 2, modid 2
L 04/28/2019 - 11:26:38: [l4d2_WeaponUnlock.smx] Spawning indexed gun 3, new ent 285, original id 8, modid 8
L 04/28/2019 - 11:26:38: [l4d2_WeaponUnlock.smx] Spawning indexed gun 4, new ent 287, original id 7, modid 7
L 04/28/2019 - 11:26:38: [l4d2_WeaponUnlock.smx] Spawning indexed gun 5, new ent 288, original id 2, modid 2
L 04/28/2019 - 11:26:38: [l4d2_WeaponUnlock.smx] Spawning indexed gun 6, new ent 289, original id 2, modid 2
L 04/28/2019 - 11:26:38: [l4d2_WeaponUnlock.smx] Spawning indexed gun 7, new ent 290, original id 32, modid 32
L 04/28/2019 - 11:26:38: [l4d2_WeaponUnlock.smx] Spawning indexed gun 8, new ent 291, original id 1, modid 1
L 04/28/2019 - 11:26:38: [l4d2_WeaponUnlock.smx] Spawning indexed gun 9, new ent 292, original id 8, modid 8
L 04/28/2019 - 11:26:38: [l4d2_WeaponUnlock.smx] Spawning indexed gun 10, new ent 294, original id 3, modid 3
L 04/28/2019 - 11:26:38: [l4d2_WeaponUnlock.smx] Finished Spawning indexed weapons
L 04/28/2019 - 11:27:30: [l4d2_guncontrol_mod.smx] Unlock Plugin found, requirements for M60 exchange met, moving on
L 04/28/2019 - 11:27:36: [l4d2_WeaponUnlock.smx] WipeStoredWeapons() was called. Removing stored Weapon Spawns on map
L 04/28/2019 - 11:27:36: [l4d2_WeaponUnlock.smx] WipeStoredWeapons: About to wipe ent 282 of class weapon_spawn
L 04/28/2019 - 11:27:36: [l4d2_WeaponUnlock.smx] WipeStoredWeapons: About to wipe ent 324 of class weapon_spawn
L 04/28/2019 - 11:27:36: [l4d2_WeaponUnlock.smx] WipeStoredWeapons: About to wipe ent 583 of class weapon_spawn
L 04/28/2019 - 11:27:36: [l4d2_WeaponUnlock.smx] WipeStoredWeapons: About to wipe ent 584 of class weapon_spawn
L 04/28/2019 - 11:27:36: [l4d2_WeaponUnlock.smx] WipeStoredWeapons: About to wipe ent 886 of class weapon_spawn
L 04/28/2019 - 11:27:36: [l4d2_WeaponUnlock.smx] WipeStoredWeapons: About to wipe ent 911 of class weapon_spawn
L 04/28/2019 - 11:27:36: [l4d2_WeaponUnlock.smx] WipeStoredWeapons: About to wipe ent 914 of class weapon_spawn
L 04/28/2019 - 11:27:36: [l4d2_WeaponUnlock.smx] WipeStoredWeapons: About to wipe ent 916 of class weapon_spawn
L 04/28/2019 - 11:27:36: [l4d2_WeaponUnlock.smx] WipeStoredWeapons: About to wipe ent 917 of class weapon_spawn
L 04/28/2019 - 11:27:36: [l4d2_WeaponUnlock.smx] WipeStoredWeapons: About to wipe ent 930 of class weapon_spawn
L 04/28/2019 - 11:27:36: [l4d2_WeaponUnlock.smx] WipeStoredWeapons: About to wipe ent 931 of class weapon_spawn
L 04/28/2019 - 11:27:36: [l4d2_WeaponUnlock.smx] Commencing to spawn indexed weapons now
L 04/28/2019 - 11:27:36: [l4d2_WeaponUnlock.smx] Spawning indexed gun 0, new ent 279, original id 2, modid 2
L 04/28/2019 - 11:27:36: [l4d2_WeaponUnlock.smx] Spawning indexed gun 1, new ent 283, original id 2, modid 2
L 04/28/2019 - 11:27:36: [l4d2_WeaponUnlock.smx] Spawning indexed gun 2, new ent 284, original id 2, modid 2
L 04/28/2019 - 11:27:36: [l4d2_WeaponUnlock.smx] Spawning indexed gun 3, new ent 285, original id 8, modid 8
L 04/28/2019 - 11:27:36: [l4d2_WeaponUnlock.smx] Spawning indexed gun 4, new ent 287, original id 7, modid 7
L 04/28/2019 - 11:27:36: [l4d2_WeaponUnlock.smx] Spawning indexed gun 5, new ent 288, original id 2, modid 2
L 04/28/2019 - 11:27:36: [l4d2_WeaponUnlock.smx] Spawning indexed gun 6, new ent 289, original id 2, modid 2
L 04/28/2019 - 11:27:36: [l4d2_WeaponUnlock.smx] Spawning indexed gun 7, new ent 290, original id 32, modid 32
L 04/28/2019 - 11:27:36: [l4d2_WeaponUnlock.smx] Spawning indexed gun 8, new ent 291, original id 1, modid 1
L 04/28/2019 - 11:27:36: [l4d2_WeaponUnlock.smx] Spawning indexed gun 9, new ent 292, original id 8, modid 8
L 04/28/2019 - 11:27:36: [l4d2_WeaponUnlock.smx] Spawning indexed gun 10, new ent 294, original id 3, modid 3
L 04/28/2019 - 11:27:36: [l4d2_WeaponUnlock.smx] Finished Spawning indexed weapons
L 04/28/2019 - 11:28:36: [l4d2_guncontrol_mod.smx] Unlock Plugin found, requirements for M60 exchange met, moving on
L 04/28/2019 - 11:28:42: [l4d2_WeaponUnlock.smx] WipeStoredWeapons() was called. Removing stored Weapon Spawns on map
L 04/28/2019 - 11:28:42: [l4d2_WeaponUnlock.smx] WipeStoredWeapons: About to wipe ent 282 of class weapon_spawn
L 04/28/2019 - 11:28:42: [l4d2_WeaponUnlock.smx] WipeStoredWeapons: About to wipe ent 324 of class weapon_spawn
L 04/28/2019 - 11:28:42: [l4d2_WeaponUnlock.smx] WipeStoredWeapons: About to wipe ent 583 of class weapon_spawn
L 04/28/2019 - 11:28:42: [l4d2_WeaponUnlock.smx] WipeStoredWeapons: About to wipe ent 584 of class weapon_spawn
L 04/28/2019 - 11:28:42: [l4d2_WeaponUnlock.smx] WipeStoredWeapons: About to wipe ent 886 of class weapon_spawn
L 04/28/2019 - 11:28:42: [l4d2_WeaponUnlock.smx] WipeStoredWeapons: About to wipe ent 911 of class weapon_spawn
L 04/28/2019 - 11:28:42: [l4d2_WeaponUnlock.smx] WipeStoredWeapons: About to wipe ent 914 of class weapon_spawn
L 04/28/2019 - 11:28:42: [l4d2_WeaponUnlock.smx] WipeStoredWeapons: About to wipe ent 916 of class weapon_spawn
L 04/28/2019 - 11:28:42: [l4d2_WeaponUnlock.smx] WipeStoredWeapons: About to wipe ent 917 of class weapon_spawn
L 04/28/2019 - 11:28:42: [l4d2_WeaponUnlock.smx] WipeStoredWeapons: About to wipe ent 930 of class weapon_spawn
L 04/28/2019 - 11:28:42: [l4d2_WeaponUnlock.smx] WipeStoredWeapons: About to wipe ent 931 of class weapon_spawn
L 04/28/2019 - 11:28:42: [l4d2_WeaponUnlock.smx] Commencing to spawn indexed weapons now
L 04/28/2019 - 11:28:42: [l4d2_WeaponUnlock.smx] Spawning indexed gun 0, new ent 276, original id 2, modid 2
L 04/28/2019 - 11:28:42: [l4d2_WeaponUnlock.smx] Spawning indexed gun 1, new ent 279, original id 2, modid 2
L 04/28/2019 - 11:28:42: [l4d2_WeaponUnlock.smx] Spawning indexed gun 2, new ent 283, original id 2, modid 2
L 04/28/2019 - 11:28:42: [l4d2_WeaponUnlock.smx] Spawning indexed gun 3, new ent 284, original id 8, modid 8
L 04/28/2019 - 11:28:42: [l4d2_WeaponUnlock.smx] Spawning indexed gun 4, new ent 285, original id 7, modid 7
L 04/28/2019 - 11:28:42: [l4d2_WeaponUnlock.smx] Spawning indexed gun 5, new ent 287, original id 2, modid 2
L 04/28/2019 - 11:28:42: [l4d2_WeaponUnlock.smx] Spawning indexed gun 6, new ent 288, original id 2, modid 2
L 04/28/2019 - 11:28:42: [l4d2_WeaponUnlock.smx] Spawning indexed gun 7, new ent 289, original id 32, modid 32
L 04/28/2019 - 11:28:42: [l4d2_WeaponUnlock.smx] Spawning indexed gun 8, new ent 290, original id 1, modid 1
L 04/28/2019 - 11:28:42: [l4d2_WeaponUnlock.smx] Spawning indexed gun 9, new ent 291, original id 8, modid 8
L 04/28/2019 - 11:28:42: [l4d2_WeaponUnlock.smx] Spawning indexed gun 10, new ent 292, original id 3, modid 3
L 04/28/2019 - 11:28:42: [l4d2_WeaponUnlock.smx] Finished Spawning indexed weapons
L 04/28/2019 - 11:29:37: [l4d2_guncontrol_mod.smx] Unlock Plugin found, requirements for M60 exchange met, moving on
L 04/28/2019 - 11:29:43: [l4d2_WeaponUnlock.smx] WipeStoredWeapons() was called. Removing stored Weapon Spawns on map
L 04/28/2019 - 11:29:43: [l4d2_WeaponUnlock.smx] WipeStoredWeapons: About to wipe ent 282 of class weapon_spawn
L 04/28/2019 - 11:29:43: [l4d2_WeaponUnlock.smx] WipeStoredWeapons: About to wipe ent 325 of class weapon_spawn
L 04/28/2019 - 11:29:43: [l4d2_WeaponUnlock.smx] WipeStoredWeapons: About to wipe ent 672 of class weapon_spawn
L 04/28/2019 - 11:29:43: [l4d2_WeaponUnlock.smx] WipeStoredWeapons: About to wipe ent 673 of class weapon_spawn
L 04/28/2019 - 11:29:43: [l4d2_WeaponUnlock.smx] WipeStoredWeapons: About to wipe ent 874 of class weapon_spawn
L 04/28/2019 - 11:29:43: [l4d2_WeaponUnlock.smx] WipeStoredWeapons: About to wipe ent 899 of class weapon_spawn
L 04/28/2019 - 11:29:43: [l4d2_WeaponUnlock.smx] WipeStoredWeapons: About to wipe ent 902 of class weapon_spawn
L 04/28/2019 - 11:29:43: [l4d2_WeaponUnlock.smx] WipeStoredWeapons: About to wipe ent 904 of class weapon_spawn
L 04/28/2019 - 11:29:43: [l4d2_WeaponUnlock.smx] WipeStoredWeapons: About to wipe ent 905 of class weapon_spawn
L 04/28/2019 - 11:29:43: [l4d2_WeaponUnlock.smx] WipeStoredWeapons: About to wipe ent 918 of class weapon_spawn
L 04/28/2019 - 11:29:43: [l4d2_WeaponUnlock.smx] WipeStoredWeapons: About to wipe ent 919 of class weapon_spawn
L 04/28/2019 - 11:29:43: [l4d2_WeaponUnlock.smx] Commencing to spawn indexed weapons now
L 04/28/2019 - 11:29:43: [l4d2_WeaponUnlock.smx] Spawning indexed gun 0, new ent 276, original id 2, modid 2
L 04/28/2019 - 11:29:43: [l4d2_WeaponUnlock.smx] Spawning indexed gun 1, new ent 279, original id 2, modid 2
L 04/28/2019 - 11:29:43: [l4d2_WeaponUnlock.smx] Spawning indexed gun 2, new ent 283, original id 2, modid 2
L 04/28/2019 - 11:29:43: [l4d2_WeaponUnlock.smx] Spawning indexed gun 3, new ent 284, original id 8, modid 8
L 04/28/2019 - 11:29:43: [l4d2_WeaponUnlock.smx] Spawning indexed gun 4, new ent 285, original id 7, modid 7
L 04/28/2019 - 11:29:43: [l4d2_WeaponUnlock.smx] Spawning indexed gun 5, new ent 287, original id 2, modid 2
L 04/28/2019 - 11:29:43: [l4d2_WeaponUnlock.smx] Spawning indexed gun 6, new ent 288, original id 2, modid 2
L 04/28/2019 - 11:29:43: [l4d2_WeaponUnlock.smx] Spawning indexed gun 7, new ent 289, original id 32, modid 32
L 04/28/2019 - 11:29:43: [l4d2_WeaponUnlock.smx] Spawning indexed gun 8, new ent 290, original id 1, modid 1
L 04/28/2019 - 11:29:43: [l4d2_WeaponUnlock.smx] Spawning indexed gun 9, new ent 291, original id 8, modid 8
L 04/28/2019 - 11:29:43: [l4d2_WeaponUnlock.smx] Spawning indexed gun 10, new ent 292, original id 3, modid 3
L 04/28/2019 - 11:29:43: [l4d2_WeaponUnlock.smx] Finished Spawning indexed weapons
L 04/28/2019 - 11:30:50: [l4d2_guncontrol_mod.smx] Unlock Plugin found, requirements for M60 exchange met, moving on
L 04/28/2019 - 11:30:56: [l4d2_WeaponUnlock.smx] WipeStoredWeapons() was called. Removing stored Weapon Spawns on map
L 04/28/2019 - 11:30:56: [l4d2_WeaponUnlock.smx] WipeStoredWeapons: About to wipe ent 282 of class weapon_spawn
L 04/28/2019 - 11:30:56: [l4d2_WeaponUnlock.smx] WipeStoredWeapons: About to wipe ent 327 of class weapon_spawn
L 04/28/2019 - 11:30:56: [l4d2_WeaponUnlock.smx] WipeStoredWeapons: About to wipe ent 583 of class weapon_spawn
L 04/28/2019 - 11:30:56: [l4d2_WeaponUnlock.smx] WipeStoredWeapons: About to wipe ent 687 of class weapon_spawn
L 04/28/2019 - 11:30:56: [l4d2_WeaponUnlock.smx] WipeStoredWeapons: About to wipe ent 883 of class weapon_spawn
L 04/28/2019 - 11:30:56: [l4d2_WeaponUnlock.smx] WipeStoredWeapons: About to wipe ent 908 of class weapon_spawn
L 04/28/2019 - 11:30:56: [l4d2_WeaponUnlock.smx] WipeStoredWeapons: About to wipe ent 911 of class weapon_spawn
L 04/28/2019 - 11:30:56: [l4d2_WeaponUnlock.smx] WipeStoredWeapons: About to wipe ent 913 of class weapon_spawn
L 04/28/2019 - 11:30:56: [l4d2_WeaponUnlock.smx] WipeStoredWeapons: About to wipe ent 914 of class weapon_spawn
L 04/28/2019 - 11:30:56: [l4d2_WeaponUnlock.smx] WipeStoredWeapons: About to wipe ent 927 of class weapon_spawn
L 04/28/2019 - 11:30:56: [l4d2_WeaponUnlock.smx] WipeStoredWeapons: About to wipe ent 928 of class weapon_spawn
L 04/28/2019 - 11:30:56: [l4d2_WeaponUnlock.smx] Commencing to spawn indexed weapons now
L 04/28/2019 - 11:30:56: [l4d2_WeaponUnlock.smx] Spawning indexed gun 0, new ent 275, original id 2, modid 2
L 04/28/2019 - 11:30:56: [l4d2_WeaponUnlock.smx] Spawning indexed gun 1, new ent 276, original id 2, modid 2
L 04/28/2019 - 11:30:56: [l4d2_WeaponUnlock.smx] Spawning indexed gun 2, new ent 279, original id 2, modid 2
L 04/28/2019 - 11:30:56: [l4d2_WeaponUnlock.smx] Spawning indexed gun 3, new ent 283, original id 8, modid 8
L 04/28/2019 - 11:30:56: [l4d2_WeaponUnlock.smx] Spawning indexed gun 4, new ent 284, original id 7, modid 7
L 04/28/2019 - 11:30:56: [l4d2_WeaponUnlock.smx] Spawning indexed gun 5, new ent 285, original id 2, modid 2
L 04/28/2019 - 11:30:56: [l4d2_WeaponUnlock.smx] Spawning indexed gun 6, new ent 287, original id 2, modid 2
L 04/28/2019 - 11:30:56: [l4d2_WeaponUnlock.smx] Spawning indexed gun 7, new ent 288, original id 32, modid 32
L 04/28/2019 - 11:30:56: [l4d2_WeaponUnlock.smx] Spawning indexed gun 8, new ent 289, original id 1, modid 1
L 04/28/2019 - 11:30:56: [l4d2_WeaponUnlock.smx] Spawning indexed gun 9, new ent 290, original id 8, modid 8
L 04/28/2019 - 11:30:56: [l4d2_WeaponUnlock.smx] Spawning indexed gun 10, new ent 291, original id 3, modid 3
L 04/28/2019 - 11:30:56: [l4d2_WeaponUnlock.smx] Finished Spawning indexed weapons
L 04/28/2019 - 11:32:20: [l4d2_guncontrol_mod.smx] Unlock Plugin found, requirements for M60 exchange met, moving on
L 04/28/2019 - 11:32:26: [l4d2_WeaponUnlock.smx] WipeStoredWeapons() was called. Removing stored Weapon Spawns on map
L 04/28/2019 - 11:32:26: [l4d2_WeaponUnlock.smx] WipeStoredWeapons: About to wipe ent 282 of class weapon_spawn
L 04/28/2019 - 11:32:26: [l4d2_WeaponUnlock.smx] WipeStoredWeapons: About to wipe ent 325 of class weapon_spawn
L 04/28/2019 - 11:32:26: [l4d2_WeaponUnlock.smx] WipeStoredWeapons: About to wipe ent 680 of class weapon_spawn
L 04/28/2019 - 11:32:26: [l4d2_WeaponUnlock.smx] WipeStoredWeapons: About to wipe ent 681 of class weapon_spawn
L 04/28/2019 - 11:32:26: [l4d2_WeaponUnlock.smx] WipeStoredWeapons: About to wipe ent 877 of class weapon_spawn
L 04/28/2019 - 11:32:26: [l4d2_WeaponUnlock.smx] WipeStoredWeapons: About to wipe ent 902 of class weapon_spawn
L 04/28/2019 - 11:32:26: [l4d2_WeaponUnlock.smx] WipeStoredWeapons: About to wipe ent 905 of class weapon_spawn
L 04/28/2019 - 11:32:26: [l4d2_WeaponUnlock.smx] WipeStoredWeapons: About to wipe ent 907 of class weapon_spawn
L 04/28/2019 - 11:32:26: [l4d2_WeaponUnlock.smx] WipeStoredWeapons: About to wipe ent 908 of class weapon_spawn
L 04/28/2019 - 11:32:26: [l4d2_WeaponUnlock.smx] WipeStoredWeapons: About to wipe ent 921 of class weapon_spawn
L 04/28/2019 - 11:32:26: [l4d2_WeaponUnlock.smx] WipeStoredWeapons: About to wipe ent 922 of class weapon_spawn
L 04/28/2019 - 11:32:26: [l4d2_WeaponUnlock.smx] Commencing to spawn indexed weapons now
L 04/28/2019 - 11:32:26: [l4d2_WeaponUnlock.smx] Spawning indexed gun 0, new ent 276, original id 2, modid 2
L 04/28/2019 - 11:32:26: [l4d2_WeaponUnlock.smx] Spawning indexed gun 1, new ent 279, original id 2, modid 2
L 04/28/2019 - 11:32:26: [l4d2_WeaponUnlock.smx] Spawning indexed gun 2, new ent 283, original id 2, modid 2
L 04/28/2019 - 11:32:26: [l4d2_WeaponUnlock.smx] Spawning indexed gun 3, new ent 284, original id 8, modid 8
L 04/28/2019 - 11:32:26: [l4d2_WeaponUnlock.smx] Spawning indexed gun 4, new ent 285, original id 7, modid 7
L 04/28/2019 - 11:32:26: [l4d2_WeaponUnlock.smx] Spawning indexed gun 5, new ent 287, original id 2, modid 2
L 04/28/2019 - 11:32:26: [l4d2_WeaponUnlock.smx] Spawning indexed gun 6, new ent 288, original id 2, modid 2
L 04/28/2019 - 11:32:26: [l4d2_WeaponUnlock.smx] Spawning indexed gun 7, new ent 289, original id 32, modid 32
L 04/28/2019 - 11:32:26: [l4d2_WeaponUnlock.smx] Spawning indexed gun 8, new ent 290, original id 1, modid 1
L 04/28/2019 - 11:32:26: [l4d2_WeaponUnlock.smx] Spawning indexed gun 9, new ent 291, original id 8, modid 8
L 04/28/2019 - 11:32:26: [l4d2_WeaponUnlock.smx] Spawning indexed gun 10, new ent 292, original id 3, modid 3
L 04/28/2019 - 11:32:26: [l4d2_WeaponUnlock.smx] Finished Spawning indexed weapons
L 04/28/2019 - 11:33:34: [l4d2_guncontrol_mod.smx] Unlock Plugin found, requirements for M60 exchange met, moving on
L 04/28/2019 - 11:33:40: [l4d2_WeaponUnlock.smx] WipeStoredWeapons() was called. Removing stored Weapon Spawns on map
L 04/28/2019 - 11:33:40: [l4d2_WeaponUnlock.smx] WipeStoredWeapons: About to wipe ent 282 of class weapon_spawn
L 04/28/2019 - 11:33:40: [l4d2_WeaponUnlock.smx] WipeStoredWeapons: About to wipe ent 332 of class weapon_spawn
L 04/28/2019 - 11:33:40: [l4d2_WeaponUnlock.smx] WipeStoredWeapons: About to wipe ent 583 of class weapon_spawn
L 04/28/2019 - 11:33:40: [l4d2_WeaponUnlock.smx] WipeStoredWeapons: About to wipe ent 584 of class weapon_spawn
L 04/28/2019 - 11:33:40: [l4d2_WeaponUnlock.smx] WipeStoredWeapons: About to wipe ent 886 of class weapon_spawn
L 04/28/2019 - 11:33:40: [l4d2_WeaponUnlock.smx] WipeStoredWeapons: About to wipe ent 911 of class weapon_spawn
L 04/28/2019 - 11:33:40: [l4d2_WeaponUnlock.smx] WipeStoredWeapons: About to wipe ent 914 of class weapon_spawn
L 04/28/2019 - 11:33:40: [l4d2_WeaponUnlock.smx] WipeStoredWeapons: About to wipe ent 916 of class weapon_spawn
L 04/28/2019 - 11:33:40: [l4d2_WeaponUnlock.smx] WipeStoredWeapons: About to wipe ent 917 of class weapon_spawn
L 04/28/2019 - 11:33:40: [l4d2_WeaponUnlock.smx] WipeStoredWeapons: About to wipe ent 930 of class weapon_spawn
L 04/28/2019 - 11:33:40: [l4d2_WeaponUnlock.smx] WipeStoredWeapons: About to wipe ent 931 of class weapon_spawn
L 04/28/2019 - 11:33:40: [l4d2_WeaponUnlock.smx] Commencing to spawn indexed weapons now
L 04/28/2019 - 11:33:40: [l4d2_WeaponUnlock.smx] Spawning indexed gun 0, new ent 275, original id 2, modid 2
L 04/28/2019 - 11:33:40: [l4d2_WeaponUnlock.smx] Spawning indexed gun 1, new ent 276, original id 2, modid 2
L 04/28/2019 - 11:33:40: [l4d2_WeaponUnlock.smx] Spawning indexed gun 2, new ent 279, original id 2, modid 2
L 04/28/2019 - 11:33:40: [l4d2_WeaponUnlock.smx] Spawning indexed gun 3, new ent 283, original id 8, modid 8
L 04/28/2019 - 11:33:40: [l4d2_WeaponUnlock.smx] Spawning indexed gun 4, new ent 284, original id 7, modid 7
L 04/28/2019 - 11:33:40: [l4d2_WeaponUnlock.smx] Spawning indexed gun 5, new ent 285, original id 2, modid 2
L 04/28/2019 - 11:33:40: [l4d2_WeaponUnlock.smx] Spawning indexed gun 6, new ent 287, original id 2, modid 2
L 04/28/2019 - 11:33:40: [l4d2_WeaponUnlock.smx] Spawning indexed gun 7, new ent 288, original id 32, modid 32
L 04/28/2019 - 11:33:40: [l4d2_WeaponUnlock.smx] Spawning indexed gun 8, new ent 289, original id 1, modid 1
L 04/28/2019 - 11:33:40: [l4d2_WeaponUnlock.smx] Spawning indexed gun 9, new ent 290, original id 8, modid 8
L 04/28/2019 - 11:33:40: [l4d2_WeaponUnlock.smx] Spawning indexed gun 10, new ent 291, original id 3, modid 3
L 04/28/2019 - 11:33:40: [l4d2_WeaponUnlock.smx] Finished Spawning indexed weapons
L 04/28/2019 - 11:34:48: [l4d2_guncontrol_mod.smx] Unlock Plugin found, requirements for M60 exchange met, moving on
L 04/28/2019 - 11:34:54: [l4d2_WeaponUnlock.smx] WipeStoredWeapons() was called. Removing stored Weapon Spawns on map
L 04/28/2019 - 11:34:54: [l4d2_WeaponUnlock.smx] WipeStoredWeapons: About to wipe ent 282 of class weapon_spawn
L 04/28/2019 - 11:34:54: [l4d2_WeaponUnlock.smx] WipeStoredWeapons: About to wipe ent 334 of class weapon_spawn
L 04/28/2019 - 11:34:54: [l4d2_WeaponUnlock.smx] WipeStoredWeapons: About to wipe ent 683 of class weapon_spawn
L 04/28/2019 - 11:34:54: [l4d2_WeaponUnlock.smx] WipeStoredWeapons: About to wipe ent 684 of class weapon_spawn
L 04/28/2019 - 11:34:54: [l4d2_WeaponUnlock.smx] WipeStoredWeapons: About to wipe ent 878 of class weapon_spawn
L 04/28/2019 - 11:34:54: [l4d2_WeaponUnlock.smx] WipeStoredWeapons: About to wipe ent 903 of class weapon_spawn
L 04/28/2019 - 11:34:54: [l4d2_WeaponUnlock.smx] WipeStoredWeapons: About to wipe ent 906 of class weapon_spawn
L 04/28/2019 - 11:34:54: [l4d2_WeaponUnlock.smx] WipeStoredWeapons: About to wipe ent 908 of class weapon_spawn
L 04/28/2019 - 11:34:54: [l4d2_WeaponUnlock.smx] WipeStoredWeapons: About to wipe ent 909 of class weapon_spawn
L 04/28/2019 - 11:34:54: [l4d2_WeaponUnlock.smx] WipeStoredWeapons: About to wipe ent 922 of class weapon_spawn
L 04/28/2019 - 11:34:54: [l4d2_WeaponUnlock.smx] WipeStoredWeapons: About to wipe ent 923 of class weapon_spawn
L 04/28/2019 - 11:34:54: [l4d2_WeaponUnlock.smx] Commencing to spawn indexed weapons now
L 04/28/2019 - 11:34:54: [l4d2_WeaponUnlock.smx] Spawning indexed gun 0, new ent 288, original id 2, modid 2
L 04/28/2019 - 11:34:54: [l4d2_WeaponUnlock.smx] Spawning indexed gun 1, new ent 289, original id 2, modid 2
L 04/28/2019 - 11:34:54: [l4d2_WeaponUnlock.smx] Spawning indexed gun 2, new ent 290, original id 2, modid 2
L 04/28/2019 - 11:34:54: [l4d2_WeaponUnlock.smx] Spawning indexed gun 3, new ent 291, original id 8, modid 8
L 04/28/2019 - 11:34:54: [l4d2_WeaponUnlock.smx] Spawning indexed gun 4, new ent 292, original id 7, modid 7
L 04/28/2019 - 11:34:54: [l4d2_WeaponUnlock.smx] Spawning indexed gun 5, new ent 293, original id 2, modid 2
L 04/28/2019 - 11:34:54: [l4d2_WeaponUnlock.smx] Spawning indexed gun 6, new ent 295, original id 2, modid 2
L 04/28/2019 - 11:34:54: [l4d2_WeaponUnlock.smx] Spawning indexed gun 7, new ent 296, original id 32, modid 32
L 04/28/2019 - 11:34:54: [l4d2_WeaponUnlock.smx] Spawning indexed gun 8, new ent 297, original id 1, modid 1
L 04/28/2019 - 11:34:54: [l4d2_WeaponUnlock.smx] Spawning indexed gun 9, new ent 298, original id 8, modid 8
L 04/28/2019 - 11:34:54: [l4d2_WeaponUnlock.smx] Spawning indexed gun 10, new ent 299, original id 3, modid 3
L 04/28/2019 - 11:34:54: [l4d2_WeaponUnlock.smx] Finished Spawning indexed weapons
L 04/28/2019 - 11:35:50: [l4d2_guncontrol_mod.smx] Unlock Plugin found, requirements for M60 exchange met, moving on
L 04/28/2019 - 11:35:56: [l4d2_WeaponUnlock.smx] WipeStoredWeapons() was called. Removing stored Weapon Spawns on map
L 04/28/2019 - 11:35:56: [l4d2_WeaponUnlock.smx] WipeStoredWeapons: About to wipe ent 285 of class weapon_spawn
L 04/28/2019 - 11:35:56: [l4d2_WeaponUnlock.smx] WipeStoredWeapons: About to wipe ent 327 of class weapon_spawn
L 04/28/2019 - 11:35:56: [l4d2_WeaponUnlock.smx] WipeStoredWeapons: About to wipe ent 583 of class weapon_spawn
L 04/28/2019 - 11:35:56: [l4d2_WeaponUnlock.smx] WipeStoredWeapons: About to wipe ent 584 of class weapon_spawn
L 04/28/2019 - 11:35:56: [l4d2_WeaponUnlock.smx] WipeStoredWeapons: About to wipe ent 886 of class weapon_spawn
L 04/28/2019 - 11:35:56: [l4d2_WeaponUnlock.smx] WipeStoredWeapons: About to wipe ent 911 of class weapon_spawn
L 04/28/2019 - 11:35:56: [l4d2_WeaponUnlock.smx] WipeStoredWeapons: About to wipe ent 914 of class weapon_spawn
L 04/28/2019 - 11:35:56: [l4d2_WeaponUnlock.smx] WipeStoredWeapons: About to wipe ent 916 of class weapon_spawn
L 04/28/2019 - 11:35:56: [l4d2_WeaponUnlock.smx] WipeStoredWeapons: About to wipe ent 917 of class weapon_spawn
L 04/28/2019 - 11:35:56: [l4d2_WeaponUnlock.smx] WipeStoredWeapons: About to wipe ent 930 of class weapon_spawn
L 04/28/2019 - 11:35:56: [l4d2_WeaponUnlock.smx] WipeStoredWeapons: About to wipe ent 931 of class weapon_spawn
L 04/28/2019 - 11:35:56: [l4d2_WeaponUnlock.smx] Commencing to spawn indexed weapons now
L 04/28/2019 - 11:35:56: [l4d2_WeaponUnlock.smx] Spawning indexed gun 0, new ent 280, original id 2, modid 2
L 04/28/2019 - 11:35:56: [l4d2_WeaponUnlock.smx] Spawning indexed gun 1, new ent 281, original id 2, modid 2
L 04/28/2019 - 11:35:56: [l4d2_WeaponUnlock.smx] Spawning indexed gun 2, new ent 282, original id 2, modid 2
L 04/28/2019 - 11:35:56: [l4d2_WeaponUnlock.smx] Spawning indexed gun 3, new ent 286, original id 8, modid 8
L 04/28/2019 - 11:35:56: [l4d2_WeaponUnlock.smx] Spawning indexed gun 4, new ent 287, original id 7, modid 7
L 04/28/2019 - 11:35:56: [l4d2_WeaponUnlock.smx] Spawning indexed gun 5, new ent 290, original id 2, modid 2
L 04/28/2019 - 11:35:56: [l4d2_WeaponUnlock.smx] Spawning indexed gun 6, new ent 291, original id 2, modid 2
L 04/28/2019 - 11:35:56: [l4d2_WeaponUnlock.smx] Spawning indexed gun 7, new ent 292, original id 32, modid 32
L 04/28/2019 - 11:35:56: [l4d2_WeaponUnlock.smx] Spawning indexed gun 8, new ent 293, original id 1, modid 1
L 04/28/2019 - 11:35:56: [l4d2_WeaponUnlock.smx] Spawning indexed gun 9, new ent 294, original id 8, modid 8
L 04/28/2019 - 11:35:56: [l4d2_WeaponUnlock.smx] Spawning indexed gun 10, new ent 296, original id 3, modid 3
L 04/28/2019 - 11:35:56: [l4d2_WeaponUnlock.smx] Finished Spawning indexed weapons
L 04/28/2019 - 11:36:55: [l4d2_guncontrol_mod.smx] Unlock Plugin found, requirements for M60 exchange met, moving on
L 04/28/2019 - 11:37:01: [l4d2_WeaponUnlock.smx] WipeStoredWeapons() was called. Removing stored Weapon Spawns on map
L 04/28/2019 - 11:37:01: [l4d2_WeaponUnlock.smx] WipeStoredWeapons: About to wipe ent 285 of class weapon_spawn
L 04/28/2019 - 11:37:01: [l4d2_WeaponUnlock.smx] WipeStoredWeapons: About to wipe ent 326 of class weapon_spawn
L 04/28/2019 - 11:37:01: [l4d2_WeaponUnlock.smx] WipeStoredWeapons: About to wipe ent 583 of class weapon_spawn
L 04/28/2019 - 11:37:01: [l4d2_WeaponUnlock.smx] WipeStoredWeapons: About to wipe ent 584 of class weapon_spawn
L 04/28/2019 - 11:37:01: [l4d2_WeaponUnlock.smx] WipeStoredWeapons: About to wipe ent 883 of class weapon_spawn
L 04/28/2019 - 11:37:01: [l4d2_WeaponUnlock.smx] WipeStoredWeapons: About to wipe ent 908 of class weapon_spawn
L 04/28/2019 - 11:37:01: [l4d2_WeaponUnlock.smx] WipeStoredWeapons: About to wipe ent 911 of class weapon_spawn
L 04/28/2019 - 11:37:01: [l4d2_WeaponUnlock.smx] WipeStoredWeapons: About to wipe ent 913 of class weapon_spawn
L 04/28/2019 - 11:37:01: [l4d2_WeaponUnlock.smx] WipeStoredWeapons: About to wipe ent 914 of class weapon_spawn
L 04/28/2019 - 11:37:01: [l4d2_WeaponUnlock.smx] WipeStoredWeapons: About to wipe ent 927 of class weapon_spawn
L 04/28/2019 - 11:37:01: [l4d2_WeaponUnlock.smx] WipeStoredWeapons: About to wipe ent 928 of class weapon_spawn
L 04/28/2019 - 11:37:01: [l4d2_WeaponUnlock.smx] Commencing to spawn indexed weapons now
L 04/28/2019 - 11:37:01: [l4d2_WeaponUnlock.smx] Spawning indexed gun 0, new ent 280, original id 2, modid 2
L 04/28/2019 - 11:37:01: [l4d2_WeaponUnlock.smx] Spawning indexed gun 1, new ent 281, original id 2, modid 2
L 04/28/2019 - 11:37:01: [l4d2_WeaponUnlock.smx] Spawning indexed gun 2, new ent 282, original id 2, modid 2
L 04/28/2019 - 11:37:01: [l4d2_WeaponUnlock.smx] Spawning indexed gun 3, new ent 286, original id 8, modid 8
L 04/28/2019 - 11:37:01: [l4d2_WeaponUnlock.smx] Spawning indexed gun 4, new ent 287, original id 7, modid 7
L 04/28/2019 - 11:37:01: [l4d2_WeaponUnlock.smx] Spawning indexed gun 5, new ent 290, original id 2, modid 2
L 04/28/2019 - 11:37:01: [l4d2_WeaponUnlock.smx] Spawning indexed gun 6, new ent 291, original id 2, modid 2
L 04/28/2019 - 11:37:01: [l4d2_WeaponUnlock.smx] Spawning indexed gun 7, new ent 292, original id 32, modid 32
L 04/28/2019 - 11:37:01: [l4d2_WeaponUnlock.smx] Spawning indexed gun 8, new ent 293, original id 1, modid 1
L 04/28/2019 - 11:37:01: [l4d2_WeaponUnlock.smx] Spawning indexed gun 9, new ent 294, original id 8, modid 8
L 04/28/2019 - 11:37:01: [l4d2_WeaponUnlock.smx] Spawning indexed gun 10, new ent 296, original id 3, modid 3
L 04/28/2019 - 11:37:01: [l4d2_WeaponUnlock.smx] Finished Spawning indexed weapons
L 04/28/2019 - 11:37:52: [l4d2_guncontrol_mod.smx] Unlock Plugin found, requirements for M60 exchange met, moving on
L 04/28/2019 - 11:37:58: [l4d2_WeaponUnlock.smx] WipeStoredWeapons() was called. Removing stored Weapon Spawns on map
L 04/28/2019 - 11:37:58: [l4d2_WeaponUnlock.smx] WipeStoredWeapons: About to wipe ent 285 of class weapon_spawn
L 04/28/2019 - 11:37:58: [l4d2_WeaponUnlock.smx] WipeStoredWeapons: About to wipe ent 326 of class weapon_spawn
L 04/28/2019 - 11:37:58: [l4d2_WeaponUnlock.smx] WipeStoredWeapons: About to wipe ent 583 of class weapon_spawn
L 04/28/2019 - 11:37:58: [l4d2_WeaponUnlock.smx] WipeStoredWeapons: About to wipe ent 584 of class weapon_spawn
L 04/28/2019 - 11:37:58: [l4d2_WeaponUnlock.smx] WipeStoredWeapons: About to wipe ent 884 of class weapon_spawn
L 04/28/2019 - 11:37:58: [l4d2_WeaponUnlock.smx] WipeStoredWeapons: About to wipe ent 909 of class weapon_spawn
L 04/28/2019 - 11:37:58: [l4d2_WeaponUnlock.smx] WipeStoredWeapons: About to wipe ent 912 of class weapon_spawn
L 04/28/2019 - 11:37:58: [l4d2_WeaponUnlock.smx] WipeStoredWeapons: About to wipe ent 914 of class weapon_spawn
L 04/28/2019 - 11:37:58: [l4d2_WeaponUnlock.smx] WipeStoredWeapons: About to wipe ent 915 of class weapon_spawn
L 04/28/2019 - 11:37:58: [l4d2_WeaponUnlock.smx] WipeStoredWeapons: About to wipe ent 928 of class weapon_spawn
L 04/28/2019 - 11:37:58: [l4d2_WeaponUnlock.smx] WipeStoredWeapons: About to wipe ent 929 of class weapon_spawn
L 04/28/2019 - 11:37:58: [l4d2_WeaponUnlock.smx] Commencing to spawn indexed weapons now
L 04/28/2019 - 11:37:58: [l4d2_WeaponUnlock.smx] Spawning indexed gun 0, new ent 280, original id 2, modid 2
L 04/28/2019 - 11:37:58: [l4d2_WeaponUnlock.smx] Spawning indexed gun 1, new ent 281, original id 2, modid 2
L 04/28/2019 - 11:37:58: [l4d2_WeaponUnlock.smx] Spawning indexed gun 2, new ent 282, original id 2, modid 2
L 04/28/2019 - 11:37:58: [l4d2_WeaponUnlock.smx] Spawning indexed gun 3, new ent 286, original id 8, modid 8
L 04/28/2019 - 11:37:58: [l4d2_WeaponUnlock.smx] Spawning indexed gun 4, new ent 287, original id 7, modid 7
L 04/28/2019 - 11:37:58: [l4d2_WeaponUnlock.smx] Spawning indexed gun 5, new ent 290, original id 2, modid 2
L 04/28/2019 - 11:37:58: [l4d2_WeaponUnlock.smx] Spawning indexed gun 6, new ent 291, original id 2, modid 2
L 04/28/2019 - 11:37:58: [l4d2_WeaponUnlock.smx] Spawning indexed gun 7, new ent 292, original id 32, modid 32
L 04/28/2019 - 11:37:58: [l4d2_WeaponUnlock.smx] Spawning indexed gun 8, new ent 293, original id 1, modid 1
L 04/28/2019 - 11:37:58: [l4d2_WeaponUnlock.smx] Spawning indexed gun 9, new ent 294, original id 8, modid 8
L 04/28/2019 - 11:37:58: [l4d2_WeaponUnlock.smx] Spawning indexed gun 10, new ent 296, original id 3, modid 3
L 04/28/2019 - 11:37:58: [l4d2_WeaponUnlock.smx] Finished Spawning indexed weapons
L 04/28/2019 - 11:38:08: [l4d2_guncontrol_mod.smx] Unlock Plugin found, requirements for M60 exchange met, moving on
