L 12/20/2018 - 00:25:42: SourceMod log file session started (file "L20181220.log") (Version "1.9.0.6269")
L 12/20/2018 - 00:25:42: -------- Mapchange to c2m1_highway --------
L 12/20/2018 - 00:25:44: [l4d2_guncontrol.smx] Unlock Plugin found, requirements for M60 exchange met, moving on
L 12/20/2018 - 00:26:27: SourceMod log file session started (file "L20181220.log") (Version "1.9.0.6269")
L 12/20/2018 - 00:26:27: -------- Mapchange to c2m1_highway --------
L 12/20/2018 - 00:26:29: [l4d2_guncontrol.smx] Unlock Plugin found, requirements for M60 exchange met, moving on
L 12/20/2018 - 00:26:29: [basecommands.smx] "Console<0><Console><Console>" changed cvar (cvar "mp_gamemode") (value "community1")
L 12/20/2018 - 00:26:29: [basecommands.smx] "Console<0><Console><Console>" changed cvar (cvar "sv_minrate") (value "100000")
L 12/20/2018 - 00:26:29: [basecommands.smx] "Console<0><Console><Console>" changed cvar (cvar "sv_maxrate") (value "100000")
L 12/20/2018 - 00:26:29: [basecommands.smx] "Console<0><Console><Console>" changed cvar (cvar "sv_minupdaterate") (value "100")
L 12/20/2018 - 00:26:29: [basecommands.smx] "Console<0><Console><Console>" changed cvar (cvar "sv_maxupdaterate") (value "100")
L 12/20/2018 - 00:26:29: [basecommands.smx] "Console<0><Console><Console>" changed cvar (cvar "sv_mincmdrate") (value "100")
L 12/20/2018 - 00:26:29: [basecommands.smx] "Console<0><Console><Console>" changed cvar (cvar "sv_maxcmdrate") (value "100")
L 12/20/2018 - 00:26:29: [basecommands.smx] "Console<0><Console><Console>" changed cvar (cvar "sv_client_min_interp_ratio") (value "1")
L 12/20/2018 - 00:26:29: [basecommands.smx] "Console<0><Console><Console>" changed cvar (cvar "sv_client_max_interp_ratio") (value "1")
L 12/20/2018 - 00:26:29: [basecommands.smx] "Console<0><Console><Console>" changed cvar (cvar "fps_max") (value "120")
L 12/20/2018 - 00:26:29: [basecommands.smx] "Console<0><Console><Console>" changed cvar (cvar "net_splitpacket_maxrate") (value "100000")
L 12/20/2018 - 00:26:29: [basecommands.smx] "Console<0><Console><Console>" changed cvar (cvar "sv_maxplayers") (value "5")
L 12/20/2018 - 00:26:29: [basecommands.smx] "Console<0><Console><Console>" changed cvar (cvar "sv_visiblemaxplayers") (value "4")
L 12/20/2018 - 00:26:29: [basecommands.smx] "Console<0><Console><Console>" changed cvar (cvar "sv_allow_votes") (value "1")
L 12/20/2018 - 00:26:29: [basecommands.smx] "Console<0><Console><Console>" changed cvar (cvar "sv_hibernate_when_empty") (value "0")
L 12/20/2018 - 00:26:29: [basecommands.smx] "Console<0><Console><Console>" changed cvar (cvar "sb_all_bot_game") (value "1")
L 12/20/2018 - 00:26:30: [SM] Changed map to "c2m1_highway"
L 12/20/2018 - 00:26:30: -------- Mapchange to c2m1_highway --------
L 12/20/2018 - 00:26:31: [l4d2_guncontrol.smx] Unlock Plugin found, requirements for M60 exchange met, moving on
L 12/20/2018 - 00:26:31: [basecommands.smx] "Console<0><Console><Console>" changed cvar (cvar "mp_gamemode") (value "community1")
L 12/20/2018 - 00:26:31: [basecommands.smx] "Console<0><Console><Console>" changed cvar (cvar "sv_minrate") (value "100000")
L 12/20/2018 - 00:26:31: [basecommands.smx] "Console<0><Console><Console>" changed cvar (cvar "sv_maxrate") (value "100000")
L 12/20/2018 - 00:26:31: [basecommands.smx] "Console<0><Console><Console>" changed cvar (cvar "sv_minupdaterate") (value "100")
L 12/20/2018 - 00:26:31: [basecommands.smx] "Console<0><Console><Console>" changed cvar (cvar "sv_maxupdaterate") (value "100")
L 12/20/2018 - 00:26:31: [basecommands.smx] "Console<0><Console><Console>" changed cvar (cvar "sv_mincmdrate") (value "100")
L 12/20/2018 - 00:26:31: [basecommands.smx] "Console<0><Console><Console>" changed cvar (cvar "sv_maxcmdrate") (value "100")
L 12/20/2018 - 00:26:31: [basecommands.smx] "Console<0><Console><Console>" changed cvar (cvar "sv_client_min_interp_ratio") (value "1")
L 12/20/2018 - 00:26:31: [basecommands.smx] "Console<0><Console><Console>" changed cvar (cvar "sv_client_max_interp_ratio") (value "1")
L 12/20/2018 - 00:26:31: [basecommands.smx] "Console<0><Console><Console>" changed cvar (cvar "fps_max") (value "120")
L 12/20/2018 - 00:26:31: [basecommands.smx] "Console<0><Console><Console>" changed cvar (cvar "net_splitpacket_maxrate") (value "100000")
L 12/20/2018 - 00:26:31: [basecommands.smx] "Console<0><Console><Console>" changed cvar (cvar "sv_maxplayers") (value "5")
L 12/20/2018 - 00:26:31: [basecommands.smx] "Console<0><Console><Console>" changed cvar (cvar "sv_visiblemaxplayers") (value "4")
L 12/20/2018 - 00:26:31: [basecommands.smx] "Console<0><Console><Console>" changed cvar (cvar "sv_allow_votes") (value "1")
L 12/20/2018 - 00:26:31: [basecommands.smx] "Console<0><Console><Console>" changed cvar (cvar "sv_hibernate_when_empty") (value "0")
L 12/20/2018 - 00:26:31: [basecommands.smx] "Console<0><Console><Console>" changed cvar (cvar "sb_all_bot_game") (value "1")
L 12/20/2018 - 00:32:30: [l4d2_guncontrol.smx] Unlock Plugin found, requirements for M60 exchange met, moving on
L 12/20/2018 - 00:35:06: SourceMod log file session started (file "L20181220.log") (Version "1.9.0.6269")
L 12/20/2018 - 00:35:06: -------- Mapchange to c2m1_highway --------
L 12/20/2018 - 00:35:08: [l4d2_guncontrol.smx] Unlock Plugin found, requirements for M60 exchange met, moving on
L 12/20/2018 - 00:35:08: [basecommands.smx] "Console<0><Console><Console>" changed cvar (cvar "mp_gamemode") (value "community5")
L 12/20/2018 - 00:35:08: [basecommands.smx] "Console<0><Console><Console>" changed cvar (cvar "sv_minrate") (value "100000")
L 12/20/2018 - 00:35:08: [basecommands.smx] "Console<0><Console><Console>" changed cvar (cvar "sv_maxrate") (value "100000")
L 12/20/2018 - 00:35:08: [basecommands.smx] "Console<0><Console><Console>" changed cvar (cvar "sv_minupdaterate") (value "100")
L 12/20/2018 - 00:35:08: [basecommands.smx] "Console<0><Console><Console>" changed cvar (cvar "sv_maxupdaterate") (value "100")
L 12/20/2018 - 00:35:08: [basecommands.smx] "Console<0><Console><Console>" changed cvar (cvar "sv_mincmdrate") (value "100")
L 12/20/2018 - 00:35:08: [basecommands.smx] "Console<0><Console><Console>" changed cvar (cvar "sv_maxcmdrate") (value "100")
L 12/20/2018 - 00:35:08: [basecommands.smx] "Console<0><Console><Console>" changed cvar (cvar "sv_client_min_interp_ratio") (value "1")
L 12/20/2018 - 00:35:08: [basecommands.smx] "Console<0><Console><Console>" changed cvar (cvar "sv_client_max_interp_ratio") (value "1")
L 12/20/2018 - 00:35:08: [basecommands.smx] "Console<0><Console><Console>" changed cvar (cvar "fps_max") (value "120")
L 12/20/2018 - 00:35:08: [basecommands.smx] "Console<0><Console><Console>" changed cvar (cvar "net_splitpacket_maxrate") (value "100000")
L 12/20/2018 - 00:35:08: [basecommands.smx] "Console<0><Console><Console>" changed cvar (cvar "sv_maxplayers") (value "5")
L 12/20/2018 - 00:35:08: [basecommands.smx] "Console<0><Console><Console>" changed cvar (cvar "sv_visiblemaxplayers") (value "4")
L 12/20/2018 - 00:35:08: [basecommands.smx] "Console<0><Console><Console>" changed cvar (cvar "sv_allow_votes") (value "1")
L 12/20/2018 - 00:35:08: [basecommands.smx] "Console<0><Console><Console>" changed cvar (cvar "sv_hibernate_when_empty") (value "0")
L 12/20/2018 - 00:35:08: [basecommands.smx] "Console<0><Console><Console>" changed cvar (cvar "sb_all_bot_game") (value "1")
L 12/20/2018 - 00:35:09: [SM] Changed map to "c2m1_highway"
L 12/20/2018 - 00:35:09: -------- Mapchange to c2m1_highway --------
L 12/20/2018 - 00:35:10: [l4d2_guncontrol.smx] Unlock Plugin found, requirements for M60 exchange met, moving on
L 12/20/2018 - 00:35:10: [basecommands.smx] "Console<0><Console><Console>" changed cvar (cvar "mp_gamemode") (value "community5")
L 12/20/2018 - 00:35:10: [basecommands.smx] "Console<0><Console><Console>" changed cvar (cvar "sv_minrate") (value "100000")
L 12/20/2018 - 00:35:10: [basecommands.smx] "Console<0><Console><Console>" changed cvar (cvar "sv_maxrate") (value "100000")
L 12/20/2018 - 00:35:10: [basecommands.smx] "Console<0><Console><Console>" changed cvar (cvar "sv_minupdaterate") (value "100")
L 12/20/2018 - 00:35:10: [basecommands.smx] "Console<0><Console><Console>" changed cvar (cvar "sv_maxupdaterate") (value "100")
L 12/20/2018 - 00:35:10: [basecommands.smx] "Console<0><Console><Console>" changed cvar (cvar "sv_mincmdrate") (value "100")
L 12/20/2018 - 00:35:10: [basecommands.smx] "Console<0><Console><Console>" changed cvar (cvar "sv_maxcmdrate") (value "100")
L 12/20/2018 - 00:35:10: [basecommands.smx] "Console<0><Console><Console>" changed cvar (cvar "sv_client_min_interp_ratio") (value "1")
L 12/20/2018 - 00:35:10: [basecommands.smx] "Console<0><Console><Console>" changed cvar (cvar "sv_client_max_interp_ratio") (value "1")
L 12/20/2018 - 00:35:10: [basecommands.smx] "Console<0><Console><Console>" changed cvar (cvar "fps_max") (value "120")
L 12/20/2018 - 00:35:10: [basecommands.smx] "Console<0><Console><Console>" changed cvar (cvar "net_splitpacket_maxrate") (value "100000")
L 12/20/2018 - 00:35:10: [basecommands.smx] "Console<0><Console><Console>" changed cvar (cvar "sv_maxplayers") (value "5")
L 12/20/2018 - 00:35:10: [basecommands.smx] "Console<0><Console><Console>" changed cvar (cvar "sv_visiblemaxplayers") (value "4")
L 12/20/2018 - 00:35:10: [basecommands.smx] "Console<0><Console><Console>" changed cvar (cvar "sv_allow_votes") (value "1")
L 12/20/2018 - 00:35:10: [basecommands.smx] "Console<0><Console><Console>" changed cvar (cvar "sv_hibernate_when_empty") (value "0")
L 12/20/2018 - 00:35:10: [basecommands.smx] "Console<0><Console><Console>" changed cvar (cvar "sb_all_bot_game") (value "1")
L 12/20/2018 - 00:38:10: [l4d2_guncontrol.smx] Unlock Plugin found, requirements for M60 exchange met, moving on
L 12/20/2018 - 00:39:58: [funcommands.smx] "ev9.Lemon<2><STEAM_1:0:79939598><>" set a beacon on "Rochelle<3><BOT><>"
L 12/20/2018 - 00:40:04: [funcommands.smx] "ev9.Lemon<2><STEAM_1:0:79939598><>" removed a beacon on "Rochelle<3><BOT><>"
L 12/20/2018 - 00:40:08: [funcommands.smx] "ev9.Lemon<2><STEAM_1:0:79939598><>" set a beacon on "Rochelle<3><BOT><>"
L 12/20/2018 - 00:40:14: [funcommands.smx] "ev9.Lemon<2><STEAM_1:0:79939598><>" set a beacon on "ev9.Lemon<2><STEAM_1:0:79939598><>"
L 12/20/2018 - 00:40:14: [funcommands.smx] "ev9.Lemon<2><STEAM_1:0:79939598><>" removed a beacon on "Rochelle<3><BOT><>"
L 12/20/2018 - 00:40:22: [funcommands.smx] "ev9.Lemon<2><STEAM_1:0:79939598><>" removed a beacon on "ev9.Lemon<2><STEAM_1:0:79939598><>"
L 12/20/2018 - 00:40:56: [basevotes.smx] "ev9.Lemon<2><STEAM_1:0:79939598><>" initiated a kick vote against "Rochelle<3><BOT><>"
L 12/20/2018 - 00:40:58: [basevotes.smx] Vote kick successful, kicked "Rochelle<3><BOT><>" (reason "Votekicked")
L 12/20/2018 - 00:56:23: [l4d2_guncontrol.smx] Unlock Plugin found, requirements for M60 exchange met, moving on
L 12/20/2018 - 00:56:57: [basecommands.smx] "ev9.Lemon<19><STEAM_1:0:79939598><>" refreshed the admin cache.
L 12/20/2018 - 00:57:01: [basecommands.smx] "ev9.Lemon<19><STEAM_1:0:79939598><>" executed config (file "server.cfg")
L 12/20/2018 - 00:57:01: [basecommands.smx] "Console<0><Console><Console>" changed cvar (cvar "mp_gamemode") (value "community5")
L 12/20/2018 - 00:57:01: [basecommands.smx] "Console<0><Console><Console>" changed cvar (cvar "sv_minrate") (value "100000")
L 12/20/2018 - 00:57:01: [basecommands.smx] "Console<0><Console><Console>" changed cvar (cvar "sv_maxrate") (value "100000")
L 12/20/2018 - 00:57:01: [basecommands.smx] "Console<0><Console><Console>" changed cvar (cvar "sv_minupdaterate") (value "100")
L 12/20/2018 - 00:57:01: [basecommands.smx] "Console<0><Console><Console>" changed cvar (cvar "sv_maxupdaterate") (value "100")
L 12/20/2018 - 00:57:01: [basecommands.smx] "Console<0><Console><Console>" changed cvar (cvar "sv_mincmdrate") (value "100")
L 12/20/2018 - 00:57:01: [basecommands.smx] "Console<0><Console><Console>" changed cvar (cvar "sv_maxcmdrate") (value "100")
L 12/20/2018 - 00:57:01: [basecommands.smx] "Console<0><Console><Console>" changed cvar (cvar "sv_client_min_interp_ratio") (value "1")
L 12/20/2018 - 00:57:01: [basecommands.smx] "Console<0><Console><Console>" changed cvar (cvar "sv_client_max_interp_ratio") (value "1")
L 12/20/2018 - 00:57:01: [basecommands.smx] "Console<0><Console><Console>" changed cvar (cvar "fps_max") (value "120")
L 12/20/2018 - 00:57:01: [basecommands.smx] "Console<0><Console><Console>" changed cvar (cvar "net_splitpacket_maxrate") (value "100000")
L 12/20/2018 - 00:57:01: [basecommands.smx] "Console<0><Console><Console>" changed cvar (cvar "sv_maxplayers") (value "5")
L 12/20/2018 - 00:57:01: [basecommands.smx] "Console<0><Console><Console>" changed cvar (cvar "sv_visiblemaxplayers") (value "4")
L 12/20/2018 - 00:57:01: [basecommands.smx] "Console<0><Console><Console>" changed cvar (cvar "sv_allow_votes") (value "1")
L 12/20/2018 - 00:57:01: [basecommands.smx] "Console<0><Console><Console>" changed cvar (cvar "sv_hibernate_when_empty") (value "0")
L 12/20/2018 - 00:57:01: [basecommands.smx] "Console<0><Console><Console>" changed cvar (cvar "sb_all_bot_game") (value "1")
L 12/20/2018 - 00:58:15: [l4d2_guncontrol.smx] Unlock Plugin found, requirements for M60 exchange met, moving on
L 12/20/2018 - 01:01:45: -------- Mapchange to c2m2_fairgrounds --------
L 12/20/2018 - 01:01:46: [l4d2_guncontrol.smx] Unlock Plugin found, requirements for M60 exchange met, moving on
L 12/20/2018 - 01:01:46: [basecommands.smx] "Console<0><Console><Console>" changed cvar (cvar "mp_gamemode") (value "community5")
L 12/20/2018 - 01:01:46: [basecommands.smx] "Console<0><Console><Console>" changed cvar (cvar "sv_minrate") (value "100000")
L 12/20/2018 - 01:01:46: [basecommands.smx] "Console<0><Console><Console>" changed cvar (cvar "sv_maxrate") (value "100000")
L 12/20/2018 - 01:01:46: [basecommands.smx] "Console<0><Console><Console>" changed cvar (cvar "sv_minupdaterate") (value "100")
L 12/20/2018 - 01:01:46: [basecommands.smx] "Console<0><Console><Console>" changed cvar (cvar "sv_maxupdaterate") (value "100")
L 12/20/2018 - 01:01:46: [basecommands.smx] "Console<0><Console><Console>" changed cvar (cvar "sv_mincmdrate") (value "100")
L 12/20/2018 - 01:01:46: [basecommands.smx] "Console<0><Console><Console>" changed cvar (cvar "sv_maxcmdrate") (value "100")
L 12/20/2018 - 01:01:46: [basecommands.smx] "Console<0><Console><Console>" changed cvar (cvar "sv_client_min_interp_ratio") (value "1")
L 12/20/2018 - 01:01:46: [basecommands.smx] "Console<0><Console><Console>" changed cvar (cvar "sv_client_max_interp_ratio") (value "1")
L 12/20/2018 - 01:01:46: [basecommands.smx] "Console<0><Console><Console>" changed cvar (cvar "fps_max") (value "120")
L 12/20/2018 - 01:01:46: [basecommands.smx] "Console<0><Console><Console>" changed cvar (cvar "net_splitpacket_maxrate") (value "100000")
L 12/20/2018 - 01:01:46: [basecommands.smx] "Console<0><Console><Console>" changed cvar (cvar "sv_maxplayers") (value "5")
L 12/20/2018 - 01:01:46: [basecommands.smx] "Console<0><Console><Console>" changed cvar (cvar "sv_visiblemaxplayers") (value "4")
L 12/20/2018 - 01:01:46: [basecommands.smx] "Console<0><Console><Console>" changed cvar (cvar "sv_allow_votes") (value "1")
L 12/20/2018 - 01:01:46: [basecommands.smx] "Console<0><Console><Console>" changed cvar (cvar "sv_hibernate_when_empty") (value "0")
L 12/20/2018 - 01:01:46: [basecommands.smx] "Console<0><Console><Console>" changed cvar (cvar "sb_all_bot_game") (value "1")
L 12/20/2018 - 01:06:01: -------- Mapchange to c2m3_coaster --------
L 12/20/2018 - 01:06:02: [l4d2_guncontrol.smx] Unlock Plugin found, requirements for M60 exchange met, moving on
L 12/20/2018 - 01:06:02: [basecommands.smx] "Console<0><Console><Console>" changed cvar (cvar "mp_gamemode") (value "community5")
L 12/20/2018 - 01:06:02: [basecommands.smx] "Console<0><Console><Console>" changed cvar (cvar "sv_minrate") (value "100000")
L 12/20/2018 - 01:06:02: [basecommands.smx] "Console<0><Console><Console>" changed cvar (cvar "sv_maxrate") (value "100000")
L 12/20/2018 - 01:06:02: [basecommands.smx] "Console<0><Console><Console>" changed cvar (cvar "sv_minupdaterate") (value "100")
L 12/20/2018 - 01:06:02: [basecommands.smx] "Console<0><Console><Console>" changed cvar (cvar "sv_maxupdaterate") (value "100")
L 12/20/2018 - 01:06:02: [basecommands.smx] "Console<0><Console><Console>" changed cvar (cvar "sv_mincmdrate") (value "100")
L 12/20/2018 - 01:06:02: [basecommands.smx] "Console<0><Console><Console>" changed cvar (cvar "sv_maxcmdrate") (value "100")
L 12/20/2018 - 01:06:02: [basecommands.smx] "Console<0><Console><Console>" changed cvar (cvar "sv_client_min_interp_ratio") (value "1")
L 12/20/2018 - 01:06:02: [basecommands.smx] "Console<0><Console><Console>" changed cvar (cvar "sv_client_max_interp_ratio") (value "1")
L 12/20/2018 - 01:06:02: [basecommands.smx] "Console<0><Console><Console>" changed cvar (cvar "fps_max") (value "120")
L 12/20/2018 - 01:06:02: [basecommands.smx] "Console<0><Console><Console>" changed cvar (cvar "net_splitpacket_maxrate") (value "100000")
L 12/20/2018 - 01:06:02: [basecommands.smx] "Console<0><Console><Console>" changed cvar (cvar "sv_maxplayers") (value "5")
L 12/20/2018 - 01:06:02: [basecommands.smx] "Console<0><Console><Console>" changed cvar (cvar "sv_visiblemaxplayers") (value "4")
L 12/20/2018 - 01:06:02: [basecommands.smx] "Console<0><Console><Console>" changed cvar (cvar "sv_allow_votes") (value "1")
L 12/20/2018 - 01:06:02: [basecommands.smx] "Console<0><Console><Console>" changed cvar (cvar "sv_hibernate_when_empty") (value "0")
L 12/20/2018 - 01:06:02: [basecommands.smx] "Console<0><Console><Console>" changed cvar (cvar "sb_all_bot_game") (value "1")
L 12/20/2018 - 01:12:32: -------- Mapchange to c2m4_barns --------
L 12/20/2018 - 01:12:33: [l4d2_guncontrol.smx] Unlock Plugin found, requirements for M60 exchange met, moving on
L 12/20/2018 - 01:12:33: [basecommands.smx] "Console<0><Console><Console>" changed cvar (cvar "mp_gamemode") (value "community5")
L 12/20/2018 - 01:12:33: [basecommands.smx] "Console<0><Console><Console>" changed cvar (cvar "sv_minrate") (value "100000")
L 12/20/2018 - 01:12:33: [basecommands.smx] "Console<0><Console><Console>" changed cvar (cvar "sv_maxrate") (value "100000")
L 12/20/2018 - 01:12:33: [basecommands.smx] "Console<0><Console><Console>" changed cvar (cvar "sv_minupdaterate") (value "100")
L 12/20/2018 - 01:12:33: [basecommands.smx] "Console<0><Console><Console>" changed cvar (cvar "sv_maxupdaterate") (value "100")
L 12/20/2018 - 01:12:33: [basecommands.smx] "Console<0><Console><Console>" changed cvar (cvar "sv_mincmdrate") (value "100")
L 12/20/2018 - 01:12:33: [basecommands.smx] "Console<0><Console><Console>" changed cvar (cvar "sv_maxcmdrate") (value "100")
L 12/20/2018 - 01:12:33: [basecommands.smx] "Console<0><Console><Console>" changed cvar (cvar "sv_client_min_interp_ratio") (value "1")
L 12/20/2018 - 01:12:33: [basecommands.smx] "Console<0><Console><Console>" changed cvar (cvar "sv_client_max_interp_ratio") (value "1")
L 12/20/2018 - 01:12:33: [basecommands.smx] "Console<0><Console><Console>" changed cvar (cvar "fps_max") (value "120")
L 12/20/2018 - 01:12:33: [basecommands.smx] "Console<0><Console><Console>" changed cvar (cvar "net_splitpacket_maxrate") (value "100000")
L 12/20/2018 - 01:12:33: [basecommands.smx] "Console<0><Console><Console>" changed cvar (cvar "sv_maxplayers") (value "5")
L 12/20/2018 - 01:12:33: [basecommands.smx] "Console<0><Console><Console>" changed cvar (cvar "sv_visiblemaxplayers") (value "4")
L 12/20/2018 - 01:12:33: [basecommands.smx] "Console<0><Console><Console>" changed cvar (cvar "sv_allow_votes") (value "1")
L 12/20/2018 - 01:12:33: [basecommands.smx] "Console<0><Console><Console>" changed cvar (cvar "sv_hibernate_when_empty") (value "0")
L 12/20/2018 - 01:12:33: [basecommands.smx] "Console<0><Console><Console>" changed cvar (cvar "sb_all_bot_game") (value "1")
L 12/20/2018 - 01:17:53: -------- Mapchange to c2m5_concert --------
L 12/20/2018 - 01:17:54: [l4d2_guncontrol.smx] Unlock Plugin found, requirements for M60 exchange met, moving on
L 12/20/2018 - 01:17:54: [basecommands.smx] "Console<0><Console><Console>" changed cvar (cvar "mp_gamemode") (value "community5")
L 12/20/2018 - 01:17:54: [basecommands.smx] "Console<0><Console><Console>" changed cvar (cvar "sv_minrate") (value "100000")
L 12/20/2018 - 01:17:54: [basecommands.smx] "Console<0><Console><Console>" changed cvar (cvar "sv_maxrate") (value "100000")
L 12/20/2018 - 01:17:54: [basecommands.smx] "Console<0><Console><Console>" changed cvar (cvar "sv_minupdaterate") (value "100")
L 12/20/2018 - 01:17:54: [basecommands.smx] "Console<0><Console><Console>" changed cvar (cvar "sv_maxupdaterate") (value "100")
L 12/20/2018 - 01:17:54: [basecommands.smx] "Console<0><Console><Console>" changed cvar (cvar "sv_mincmdrate") (value "100")
L 12/20/2018 - 01:17:54: [basecommands.smx] "Console<0><Console><Console>" changed cvar (cvar "sv_maxcmdrate") (value "100")
L 12/20/2018 - 01:17:54: [basecommands.smx] "Console<0><Console><Console>" changed cvar (cvar "sv_client_min_interp_ratio") (value "1")
L 12/20/2018 - 01:17:54: [basecommands.smx] "Console<0><Console><Console>" changed cvar (cvar "sv_client_max_interp_ratio") (value "1")
L 12/20/2018 - 01:17:54: [basecommands.smx] "Console<0><Console><Console>" changed cvar (cvar "fps_max") (value "120")
L 12/20/2018 - 01:17:54: [basecommands.smx] "Console<0><Console><Console>" changed cvar (cvar "net_splitpacket_maxrate") (value "100000")
L 12/20/2018 - 01:17:54: [basecommands.smx] "Console<0><Console><Console>" changed cvar (cvar "sv_maxplayers") (value "5")
L 12/20/2018 - 01:17:54: [basecommands.smx] "Console<0><Console><Console>" changed cvar (cvar "sv_visiblemaxplayers") (value "4")
L 12/20/2018 - 01:17:54: [basecommands.smx] "Console<0><Console><Console>" changed cvar (cvar "sv_allow_votes") (value "1")
L 12/20/2018 - 01:17:54: [basecommands.smx] "Console<0><Console><Console>" changed cvar (cvar "sv_hibernate_when_empty") (value "0")
L 12/20/2018 - 01:17:54: [basecommands.smx] "Console<0><Console><Console>" changed cvar (cvar "sb_all_bot_game") (value "1")
L 12/20/2018 - 01:36:31: SourceMod log file session started (file "L20181220.log") (Version "1.9.0.6269")
L 12/20/2018 - 01:36:31: -------- Mapchange to c2m1_highway --------
L 12/20/2018 - 01:36:33: [l4d2_guncontrol.smx] Unlock Plugin found, requirements for M60 exchange met, moving on
L 12/20/2018 - 01:36:33: [basecommands.smx] "Console<0><Console><Console>" changed cvar (cvar "mp_gamemode") (value "community5")
L 12/20/2018 - 01:36:33: [basecommands.smx] "Console<0><Console><Console>" changed cvar (cvar "sv_minrate") (value "100000")
L 12/20/2018 - 01:36:33: [basecommands.smx] "Console<0><Console><Console>" changed cvar (cvar "sv_maxrate") (value "100000")
L 12/20/2018 - 01:36:33: [basecommands.smx] "Console<0><Console><Console>" changed cvar (cvar "sv_minupdaterate") (value "100")
L 12/20/2018 - 01:36:33: [basecommands.smx] "Console<0><Console><Console>" changed cvar (cvar "sv_maxupdaterate") (value "100")
L 12/20/2018 - 01:36:33: [basecommands.smx] "Console<0><Console><Console>" changed cvar (cvar "sv_mincmdrate") (value "100")
L 12/20/2018 - 01:36:33: [basecommands.smx] "Console<0><Console><Console>" changed cvar (cvar "sv_maxcmdrate") (value "100")
L 12/20/2018 - 01:36:33: [basecommands.smx] "Console<0><Console><Console>" changed cvar (cvar "sv_client_min_interp_ratio") (value "1")
L 12/20/2018 - 01:36:33: [basecommands.smx] "Console<0><Console><Console>" changed cvar (cvar "sv_client_max_interp_ratio") (value "1")
L 12/20/2018 - 01:36:33: [basecommands.smx] "Console<0><Console><Console>" changed cvar (cvar "fps_max") (value "120")
L 12/20/2018 - 01:36:33: [basecommands.smx] "Console<0><Console><Console>" changed cvar (cvar "net_splitpacket_maxrate") (value "100000")
L 12/20/2018 - 01:36:33: [basecommands.smx] "Console<0><Console><Console>" changed cvar (cvar "sv_maxplayers") (value "5")
L 12/20/2018 - 01:36:33: [basecommands.smx] "Console<0><Console><Console>" changed cvar (cvar "sv_visiblemaxplayers") (value "4")
L 12/20/2018 - 01:36:33: [basecommands.smx] "Console<0><Console><Console>" changed cvar (cvar "sv_allow_votes") (value "1")
L 12/20/2018 - 01:36:33: [basecommands.smx] "Console<0><Console><Console>" changed cvar (cvar "sv_hibernate_when_empty") (value "0")
L 12/20/2018 - 01:36:33: [basecommands.smx] "Console<0><Console><Console>" changed cvar (cvar "sb_all_bot_game") (value "1")
L 12/20/2018 - 01:36:34: [SM] Changed map to "c2m1_highway"
L 12/20/2018 - 01:36:34: -------- Mapchange to c2m1_highway --------
L 12/20/2018 - 01:36:35: [l4d2_guncontrol.smx] Unlock Plugin found, requirements for M60 exchange met, moving on
L 12/20/2018 - 01:36:36: [basecommands.smx] "Console<0><Console><Console>" changed cvar (cvar "mp_gamemode") (value "community5")
L 12/20/2018 - 01:36:36: [basecommands.smx] "Console<0><Console><Console>" changed cvar (cvar "sv_minrate") (value "100000")
L 12/20/2018 - 01:36:36: [basecommands.smx] "Console<0><Console><Console>" changed cvar (cvar "sv_maxrate") (value "100000")
L 12/20/2018 - 01:36:36: [basecommands.smx] "Console<0><Console><Console>" changed cvar (cvar "sv_minupdaterate") (value "100")
L 12/20/2018 - 01:36:36: [basecommands.smx] "Console<0><Console><Console>" changed cvar (cvar "sv_maxupdaterate") (value "100")
L 12/20/2018 - 01:36:36: [basecommands.smx] "Console<0><Console><Console>" changed cvar (cvar "sv_mincmdrate") (value "100")
L 12/20/2018 - 01:36:36: [basecommands.smx] "Console<0><Console><Console>" changed cvar (cvar "sv_maxcmdrate") (value "100")
L 12/20/2018 - 01:36:36: [basecommands.smx] "Console<0><Console><Console>" changed cvar (cvar "sv_client_min_interp_ratio") (value "1")
L 12/20/2018 - 01:36:36: [basecommands.smx] "Console<0><Console><Console>" changed cvar (cvar "sv_client_max_interp_ratio") (value "1")
L 12/20/2018 - 01:36:36: [basecommands.smx] "Console<0><Console><Console>" changed cvar (cvar "fps_max") (value "120")
L 12/20/2018 - 01:36:36: [basecommands.smx] "Console<0><Console><Console>" changed cvar (cvar "net_splitpacket_maxrate") (value "100000")
L 12/20/2018 - 01:36:36: [basecommands.smx] "Console<0><Console><Console>" changed cvar (cvar "sv_maxplayers") (value "5")
L 12/20/2018 - 01:36:36: [basecommands.smx] "Console<0><Console><Console>" changed cvar (cvar "sv_visiblemaxplayers") (value "4")
L 12/20/2018 - 01:36:36: [basecommands.smx] "Console<0><Console><Console>" changed cvar (cvar "sv_allow_votes") (value "1")
L 12/20/2018 - 01:36:36: [basecommands.smx] "Console<0><Console><Console>" changed cvar (cvar "sv_hibernate_when_empty") (value "0")
L 12/20/2018 - 01:36:36: [basecommands.smx] "Console<0><Console><Console>" changed cvar (cvar "sb_all_bot_game") (value "1")
L 12/20/2018 - 01:39:58: -------- Mapchange to c2m2_fairgrounds --------
L 12/20/2018 - 01:39:59: [l4d2_guncontrol.smx] Unlock Plugin found, requirements for M60 exchange met, moving on
L 12/20/2018 - 01:39:59: [basecommands.smx] "Console<0><Console><Console>" changed cvar (cvar "mp_gamemode") (value "community5")
L 12/20/2018 - 01:39:59: [basecommands.smx] "Console<0><Console><Console>" changed cvar (cvar "sv_minrate") (value "100000")
L 12/20/2018 - 01:39:59: [basecommands.smx] "Console<0><Console><Console>" changed cvar (cvar "sv_maxrate") (value "100000")
L 12/20/2018 - 01:39:59: [basecommands.smx] "Console<0><Console><Console>" changed cvar (cvar "sv_minupdaterate") (value "100")
L 12/20/2018 - 01:39:59: [basecommands.smx] "Console<0><Console><Console>" changed cvar (cvar "sv_maxupdaterate") (value "100")
L 12/20/2018 - 01:39:59: [basecommands.smx] "Console<0><Console><Console>" changed cvar (cvar "sv_mincmdrate") (value "100")
L 12/20/2018 - 01:39:59: [basecommands.smx] "Console<0><Console><Console>" changed cvar (cvar "sv_maxcmdrate") (value "100")
L 12/20/2018 - 01:39:59: [basecommands.smx] "Console<0><Console><Console>" changed cvar (cvar "sv_client_min_interp_ratio") (value "1")
L 12/20/2018 - 01:39:59: [basecommands.smx] "Console<0><Console><Console>" changed cvar (cvar "sv_client_max_interp_ratio") (value "1")
L 12/20/2018 - 01:39:59: [basecommands.smx] "Console<0><Console><Console>" changed cvar (cvar "fps_max") (value "120")
L 12/20/2018 - 01:39:59: [basecommands.smx] "Console<0><Console><Console>" changed cvar (cvar "net_splitpacket_maxrate") (value "100000")
L 12/20/2018 - 01:39:59: [basecommands.smx] "Console<0><Console><Console>" changed cvar (cvar "sv_maxplayers") (value "5")
L 12/20/2018 - 01:39:59: [basecommands.smx] "Console<0><Console><Console>" changed cvar (cvar "sv_visiblemaxplayers") (value "4")
L 12/20/2018 - 01:39:59: [basecommands.smx] "Console<0><Console><Console>" changed cvar (cvar "sv_allow_votes") (value "1")
L 12/20/2018 - 01:39:59: [basecommands.smx] "Console<0><Console><Console>" changed cvar (cvar "sv_hibernate_when_empty") (value "0")
L 12/20/2018 - 01:39:59: [basecommands.smx] "Console<0><Console><Console>" changed cvar (cvar "sb_all_bot_game") (value "1")
L 12/20/2018 - 01:40:10: [l4d2_guncontrol.smx] Replacing weapon_grenade_launcher_spawn 723 with weapon_rifle_m60 138
L 12/20/2018 - 01:40:10: [l4d2_guncontrol.smx] Teleported weapon_rifle_m60 138 into position, removing weapon_grenade_launcher_spawn now
L 12/20/2018 - 01:43:33: [l4d2_guncontrol.smx] Unlock Plugin found, requirements for M60 exchange met, moving on
L 12/20/2018 - 01:48:07: SourceMod log file session started (file "L20181220.log") (Version "1.9.0.6269")
L 12/20/2018 - 01:48:07: -------- Mapchange to c2m1_highway --------
L 12/20/2018 - 01:48:09: [l4d2_guncontrol.smx] Unlock Plugin found, requirements for M60 exchange met, moving on
L 12/20/2018 - 01:48:09: [basecommands.smx] "Console<0><Console><Console>" changed cvar (cvar "mp_gamemode") (value "community5")
L 12/20/2018 - 01:48:09: [basecommands.smx] "Console<0><Console><Console>" changed cvar (cvar "sv_minrate") (value "100000")
L 12/20/2018 - 01:48:09: [basecommands.smx] "Console<0><Console><Console>" changed cvar (cvar "sv_maxrate") (value "100000")
L 12/20/2018 - 01:48:09: [basecommands.smx] "Console<0><Console><Console>" changed cvar (cvar "sv_minupdaterate") (value "100")
L 12/20/2018 - 01:48:09: [basecommands.smx] "Console<0><Console><Console>" changed cvar (cvar "sv_maxupdaterate") (value "100")
L 12/20/2018 - 01:48:09: [basecommands.smx] "Console<0><Console><Console>" changed cvar (cvar "sv_mincmdrate") (value "100")
L 12/20/2018 - 01:48:09: [basecommands.smx] "Console<0><Console><Console>" changed cvar (cvar "sv_maxcmdrate") (value "100")
L 12/20/2018 - 01:48:09: [basecommands.smx] "Console<0><Console><Console>" changed cvar (cvar "sv_client_min_interp_ratio") (value "1")
L 12/20/2018 - 01:48:09: [basecommands.smx] "Console<0><Console><Console>" changed cvar (cvar "sv_client_max_interp_ratio") (value "1")
L 12/20/2018 - 01:48:09: [basecommands.smx] "Console<0><Console><Console>" changed cvar (cvar "fps_max") (value "120")
L 12/20/2018 - 01:48:09: [basecommands.smx] "Console<0><Console><Console>" changed cvar (cvar "net_splitpacket_maxrate") (value "100000")
L 12/20/2018 - 01:48:09: [basecommands.smx] "Console<0><Console><Console>" changed cvar (cvar "sv_maxplayers") (value "5")
L 12/20/2018 - 01:48:09: [basecommands.smx] "Console<0><Console><Console>" changed cvar (cvar "sv_visiblemaxplayers") (value "4")
L 12/20/2018 - 01:48:09: [basecommands.smx] "Console<0><Console><Console>" changed cvar (cvar "sv_allow_votes") (value "1")
L 12/20/2018 - 01:48:09: [basecommands.smx] "Console<0><Console><Console>" changed cvar (cvar "sv_hibernate_when_empty") (value "0")
L 12/20/2018 - 01:48:09: [basecommands.smx] "Console<0><Console><Console>" changed cvar (cvar "sb_all_bot_game") (value "1")
L 12/20/2018 - 01:48:10: [SM] Changed map to "c2m1_highway"
L 12/20/2018 - 01:48:10: -------- Mapchange to c2m1_highway --------
L 12/20/2018 - 01:48:12: [l4d2_guncontrol.smx] Unlock Plugin found, requirements for M60 exchange met, moving on
L 12/20/2018 - 01:48:12: [basecommands.smx] "Console<0><Console><Console>" changed cvar (cvar "mp_gamemode") (value "community5")
L 12/20/2018 - 01:48:12: [basecommands.smx] "Console<0><Console><Console>" changed cvar (cvar "sv_minrate") (value "100000")
L 12/20/2018 - 01:48:12: [basecommands.smx] "Console<0><Console><Console>" changed cvar (cvar "sv_maxrate") (value "100000")
L 12/20/2018 - 01:48:12: [basecommands.smx] "Console<0><Console><Console>" changed cvar (cvar "sv_minupdaterate") (value "100")
L 12/20/2018 - 01:48:12: [basecommands.smx] "Console<0><Console><Console>" changed cvar (cvar "sv_maxupdaterate") (value "100")
L 12/20/2018 - 01:48:12: [basecommands.smx] "Console<0><Console><Console>" changed cvar (cvar "sv_mincmdrate") (value "100")
L 12/20/2018 - 01:48:12: [basecommands.smx] "Console<0><Console><Console>" changed cvar (cvar "sv_maxcmdrate") (value "100")
L 12/20/2018 - 01:48:12: [basecommands.smx] "Console<0><Console><Console>" changed cvar (cvar "sv_client_min_interp_ratio") (value "1")
L 12/20/2018 - 01:48:12: [basecommands.smx] "Console<0><Console><Console>" changed cvar (cvar "sv_client_max_interp_ratio") (value "1")
L 12/20/2018 - 01:48:12: [basecommands.smx] "Console<0><Console><Console>" changed cvar (cvar "fps_max") (value "120")
L 12/20/2018 - 01:48:12: [basecommands.smx] "Console<0><Console><Console>" changed cvar (cvar "net_splitpacket_maxrate") (value "100000")
L 12/20/2018 - 01:48:12: [basecommands.smx] "Console<0><Console><Console>" changed cvar (cvar "sv_maxplayers") (value "5")
L 12/20/2018 - 01:48:12: [basecommands.smx] "Console<0><Console><Console>" changed cvar (cvar "sv_visiblemaxplayers") (value "4")
L 12/20/2018 - 01:48:12: [basecommands.smx] "Console<0><Console><Console>" changed cvar (cvar "sv_allow_votes") (value "1")
L 12/20/2018 - 01:48:12: [basecommands.smx] "Console<0><Console><Console>" changed cvar (cvar "sv_hibernate_when_empty") (value "0")
L 12/20/2018 - 01:48:12: [basecommands.smx] "Console<0><Console><Console>" changed cvar (cvar "sb_all_bot_game") (value "1")
L 12/20/2018 - 01:52:32: [l4d2_guncontrol.smx] Unlock Plugin found, requirements for M60 exchange met, moving on
L 12/20/2018 - 01:57:26: [l4d2_guncontrol.smx] Unlock Plugin found, requirements for M60 exchange met, moving on
L 12/20/2018 - 02:11:30: SourceMod log file session started (file "L20181220.log") (Version "1.9.0.6269")
L 12/20/2018 - 02:11:30: -------- Mapchange to c2m1_highway --------
L 12/20/2018 - 02:11:32: [l4d2_guncontrol.smx] Unlock Plugin found, requirements for M60 exchange met, moving on
L 12/20/2018 - 02:11:32: [basecommands.smx] "Console<0><Console><Console>" changed cvar (cvar "mp_gamemode") (value "community5")
L 12/20/2018 - 02:11:32: [basecommands.smx] "Console<0><Console><Console>" changed cvar (cvar "sv_minrate") (value "100000")
L 12/20/2018 - 02:11:32: [basecommands.smx] "Console<0><Console><Console>" changed cvar (cvar "sv_maxrate") (value "100000")
L 12/20/2018 - 02:11:32: [basecommands.smx] "Console<0><Console><Console>" changed cvar (cvar "sv_minupdaterate") (value "100")
L 12/20/2018 - 02:11:32: [basecommands.smx] "Console<0><Console><Console>" changed cvar (cvar "sv_maxupdaterate") (value "100")
L 12/20/2018 - 02:11:32: [basecommands.smx] "Console<0><Console><Console>" changed cvar (cvar "sv_mincmdrate") (value "100")
L 12/20/2018 - 02:11:32: [basecommands.smx] "Console<0><Console><Console>" changed cvar (cvar "sv_maxcmdrate") (value "100")
L 12/20/2018 - 02:11:32: [basecommands.smx] "Console<0><Console><Console>" changed cvar (cvar "sv_client_min_interp_ratio") (value "1")
L 12/20/2018 - 02:11:32: [basecommands.smx] "Console<0><Console><Console>" changed cvar (cvar "sv_client_max_interp_ratio") (value "1")
L 12/20/2018 - 02:11:32: [basecommands.smx] "Console<0><Console><Console>" changed cvar (cvar "fps_max") (value "120")
L 12/20/2018 - 02:11:32: [basecommands.smx] "Console<0><Console><Console>" changed cvar (cvar "net_splitpacket_maxrate") (value "100000")
L 12/20/2018 - 02:11:32: [basecommands.smx] "Console<0><Console><Console>" changed cvar (cvar "sv_maxplayers") (value "5")
L 12/20/2018 - 02:11:32: [basecommands.smx] "Console<0><Console><Console>" changed cvar (cvar "sv_visiblemaxplayers") (value "4")
L 12/20/2018 - 02:11:32: [basecommands.smx] "Console<0><Console><Console>" changed cvar (cvar "sv_allow_votes") (value "1")
L 12/20/2018 - 02:11:32: [basecommands.smx] "Console<0><Console><Console>" changed cvar (cvar "sv_hibernate_when_empty") (value "0")
L 12/20/2018 - 02:11:32: [basecommands.smx] "Console<0><Console><Console>" changed cvar (cvar "sb_all_bot_game") (value "1")
L 12/20/2018 - 02:11:33: [SM] Changed map to "c2m1_highway"
L 12/20/2018 - 02:11:34: -------- Mapchange to c2m1_highway --------
L 12/20/2018 - 02:11:35: [l4d2_guncontrol.smx] Unlock Plugin found, requirements for M60 exchange met, moving on
L 12/20/2018 - 02:11:35: [basecommands.smx] "Console<0><Console><Console>" changed cvar (cvar "mp_gamemode") (value "community5")
L 12/20/2018 - 02:11:35: [basecommands.smx] "Console<0><Console><Console>" changed cvar (cvar "sv_minrate") (value "100000")
L 12/20/2018 - 02:11:35: [basecommands.smx] "Console<0><Console><Console>" changed cvar (cvar "sv_maxrate") (value "100000")
L 12/20/2018 - 02:11:35: [basecommands.smx] "Console<0><Console><Console>" changed cvar (cvar "sv_minupdaterate") (value "100")
L 12/20/2018 - 02:11:35: [basecommands.smx] "Console<0><Console><Console>" changed cvar (cvar "sv_maxupdaterate") (value "100")
L 12/20/2018 - 02:11:35: [basecommands.smx] "Console<0><Console><Console>" changed cvar (cvar "sv_mincmdrate") (value "100")
L 12/20/2018 - 02:11:35: [basecommands.smx] "Console<0><Console><Console>" changed cvar (cvar "sv_maxcmdrate") (value "100")
L 12/20/2018 - 02:11:35: [basecommands.smx] "Console<0><Console><Console>" changed cvar (cvar "sv_client_min_interp_ratio") (value "1")
L 12/20/2018 - 02:11:35: [basecommands.smx] "Console<0><Console><Console>" changed cvar (cvar "sv_client_max_interp_ratio") (value "1")
L 12/20/2018 - 02:11:35: [basecommands.smx] "Console<0><Console><Console>" changed cvar (cvar "fps_max") (value "120")
L 12/20/2018 - 02:11:35: [basecommands.smx] "Console<0><Console><Console>" changed cvar (cvar "net_splitpacket_maxrate") (value "100000")
L 12/20/2018 - 02:11:35: [basecommands.smx] "Console<0><Console><Console>" changed cvar (cvar "sv_maxplayers") (value "5")
L 12/20/2018 - 02:11:35: [basecommands.smx] "Console<0><Console><Console>" changed cvar (cvar "sv_visiblemaxplayers") (value "4")
L 12/20/2018 - 02:11:35: [basecommands.smx] "Console<0><Console><Console>" changed cvar (cvar "sv_allow_votes") (value "1")
L 12/20/2018 - 02:11:35: [basecommands.smx] "Console<0><Console><Console>" changed cvar (cvar "sv_hibernate_when_empty") (value "0")
L 12/20/2018 - 02:11:35: [basecommands.smx] "Console<0><Console><Console>" changed cvar (cvar "sb_all_bot_game") (value "1")
L 12/20/2018 - 02:24:32: SourceMod log file session started (file "L20181220.log") (Version "1.9.0.6269")
L 12/20/2018 - 02:24:32: -------- Mapchange to c2m1_highway --------
L 12/20/2018 - 02:24:34: [l4d2_guncontrol.smx] Unlock Plugin found, requirements for M60 exchange met, moving on
L 12/20/2018 - 02:24:34: [basecommands.smx] "Console<0><Console><Console>" changed cvar (cvar "mp_gamemode") (value "community5")
L 12/20/2018 - 02:24:34: [basecommands.smx] "Console<0><Console><Console>" changed cvar (cvar "sv_minrate") (value "100000")
L 12/20/2018 - 02:24:34: [basecommands.smx] "Console<0><Console><Console>" changed cvar (cvar "sv_maxrate") (value "100000")
L 12/20/2018 - 02:24:34: [basecommands.smx] "Console<0><Console><Console>" changed cvar (cvar "sv_minupdaterate") (value "100")
L 12/20/2018 - 02:24:34: [basecommands.smx] "Console<0><Console><Console>" changed cvar (cvar "sv_maxupdaterate") (value "100")
L 12/20/2018 - 02:24:34: [basecommands.smx] "Console<0><Console><Console>" changed cvar (cvar "sv_mincmdrate") (value "100")
L 12/20/2018 - 02:24:34: [basecommands.smx] "Console<0><Console><Console>" changed cvar (cvar "sv_maxcmdrate") (value "100")
L 12/20/2018 - 02:24:34: [basecommands.smx] "Console<0><Console><Console>" changed cvar (cvar "sv_client_min_interp_ratio") (value "1")
L 12/20/2018 - 02:24:34: [basecommands.smx] "Console<0><Console><Console>" changed cvar (cvar "sv_client_max_interp_ratio") (value "1")
L 12/20/2018 - 02:24:34: [basecommands.smx] "Console<0><Console><Console>" changed cvar (cvar "fps_max") (value "120")
L 12/20/2018 - 02:24:34: [basecommands.smx] "Console<0><Console><Console>" changed cvar (cvar "net_splitpacket_maxrate") (value "100000")
L 12/20/2018 - 02:24:34: [basecommands.smx] "Console<0><Console><Console>" changed cvar (cvar "sv_maxplayers") (value "5")
L 12/20/2018 - 02:24:34: [basecommands.smx] "Console<0><Console><Console>" changed cvar (cvar "sv_visiblemaxplayers") (value "4")
L 12/20/2018 - 02:24:34: [basecommands.smx] "Console<0><Console><Console>" changed cvar (cvar "sv_allow_votes") (value "1")
L 12/20/2018 - 02:24:34: [basecommands.smx] "Console<0><Console><Console>" changed cvar (cvar "sv_hibernate_when_empty") (value "0")
L 12/20/2018 - 02:24:34: [basecommands.smx] "Console<0><Console><Console>" changed cvar (cvar "sb_all_bot_game") (value "1")
L 12/20/2018 - 02:24:35: [SM] Changed map to "c2m1_highway"
L 12/20/2018 - 02:24:36: -------- Mapchange to c2m1_highway --------
L 12/20/2018 - 02:24:37: [l4d2_guncontrol.smx] Unlock Plugin found, requirements for M60 exchange met, moving on
L 12/20/2018 - 02:24:37: [basecommands.smx] "Console<0><Console><Console>" changed cvar (cvar "mp_gamemode") (value "community5")
L 12/20/2018 - 02:24:37: [basecommands.smx] "Console<0><Console><Console>" changed cvar (cvar "sv_minrate") (value "100000")
L 12/20/2018 - 02:24:37: [basecommands.smx] "Console<0><Console><Console>" changed cvar (cvar "sv_maxrate") (value "100000")
L 12/20/2018 - 02:24:37: [basecommands.smx] "Console<0><Console><Console>" changed cvar (cvar "sv_minupdaterate") (value "100")
L 12/20/2018 - 02:24:37: [basecommands.smx] "Console<0><Console><Console>" changed cvar (cvar "sv_maxupdaterate") (value "100")
L 12/20/2018 - 02:24:37: [basecommands.smx] "Console<0><Console><Console>" changed cvar (cvar "sv_mincmdrate") (value "100")
L 12/20/2018 - 02:24:37: [basecommands.smx] "Console<0><Console><Console>" changed cvar (cvar "sv_maxcmdrate") (value "100")
L 12/20/2018 - 02:24:37: [basecommands.smx] "Console<0><Console><Console>" changed cvar (cvar "sv_client_min_interp_ratio") (value "1")
L 12/20/2018 - 02:24:37: [basecommands.smx] "Console<0><Console><Console>" changed cvar (cvar "sv_client_max_interp_ratio") (value "1")
L 12/20/2018 - 02:24:37: [basecommands.smx] "Console<0><Console><Console>" changed cvar (cvar "fps_max") (value "120")
L 12/20/2018 - 02:24:37: [basecommands.smx] "Console<0><Console><Console>" changed cvar (cvar "net_splitpacket_maxrate") (value "100000")
L 12/20/2018 - 02:24:37: [basecommands.smx] "Console<0><Console><Console>" changed cvar (cvar "sv_maxplayers") (value "5")
L 12/20/2018 - 02:24:37: [basecommands.smx] "Console<0><Console><Console>" changed cvar (cvar "sv_visiblemaxplayers") (value "4")
L 12/20/2018 - 02:24:37: [basecommands.smx] "Console<0><Console><Console>" changed cvar (cvar "sv_allow_votes") (value "1")
L 12/20/2018 - 02:24:37: [basecommands.smx] "Console<0><Console><Console>" changed cvar (cvar "sv_hibernate_when_empty") (value "0")
L 12/20/2018 - 02:24:37: [basecommands.smx] "Console<0><Console><Console>" changed cvar (cvar "sb_all_bot_game") (value "1")
L 12/20/2018 - 02:25:54: [l4d2_guncontrol.smx] Unlock Plugin found, requirements for M60 exchange met, moving on
L 12/20/2018 - 02:26:53: SourceMod log file session started (file "L20181220.log") (Version "1.9.0.6269")
L 12/20/2018 - 02:26:53: -------- Mapchange to c2m1_highway --------
L 12/20/2018 - 02:26:55: [l4d2_guncontrol.smx] Unlock Plugin found, requirements for M60 exchange met, moving on
L 12/20/2018 - 02:26:55: [basecommands.smx] "Console<0><Console><Console>" changed cvar (cvar "mp_gamemode") (value "community5")
L 12/20/2018 - 02:26:55: [basecommands.smx] "Console<0><Console><Console>" changed cvar (cvar "sv_minrate") (value "100000")
L 12/20/2018 - 02:26:55: [basecommands.smx] "Console<0><Console><Console>" changed cvar (cvar "sv_maxrate") (value "100000")
L 12/20/2018 - 02:26:55: [basecommands.smx] "Console<0><Console><Console>" changed cvar (cvar "sv_minupdaterate") (value "100")
L 12/20/2018 - 02:26:55: [basecommands.smx] "Console<0><Console><Console>" changed cvar (cvar "sv_maxupdaterate") (value "100")
L 12/20/2018 - 02:26:55: [basecommands.smx] "Console<0><Console><Console>" changed cvar (cvar "sv_mincmdrate") (value "100")
L 12/20/2018 - 02:26:55: [basecommands.smx] "Console<0><Console><Console>" changed cvar (cvar "sv_maxcmdrate") (value "100")
L 12/20/2018 - 02:26:55: [basecommands.smx] "Console<0><Console><Console>" changed cvar (cvar "sv_client_min_interp_ratio") (value "1")
L 12/20/2018 - 02:26:55: [basecommands.smx] "Console<0><Console><Console>" changed cvar (cvar "sv_client_max_interp_ratio") (value "1")
L 12/20/2018 - 02:26:55: [basecommands.smx] "Console<0><Console><Console>" changed cvar (cvar "fps_max") (value "120")
L 12/20/2018 - 02:26:55: [basecommands.smx] "Console<0><Console><Console>" changed cvar (cvar "net_splitpacket_maxrate") (value "100000")
L 12/20/2018 - 02:26:55: [basecommands.smx] "Console<0><Console><Console>" changed cvar (cvar "sv_maxplayers") (value "5")
L 12/20/2018 - 02:26:55: [basecommands.smx] "Console<0><Console><Console>" changed cvar (cvar "sv_visiblemaxplayers") (value "4")
L 12/20/2018 - 02:26:55: [basecommands.smx] "Console<0><Console><Console>" changed cvar (cvar "sv_allow_votes") (value "1")
L 12/20/2018 - 02:26:55: [basecommands.smx] "Console<0><Console><Console>" changed cvar (cvar "sv_hibernate_when_empty") (value "0")
L 12/20/2018 - 02:26:55: [basecommands.smx] "Console<0><Console><Console>" changed cvar (cvar "sb_all_bot_game") (value "1")
L 12/20/2018 - 02:26:56: [SM] Changed map to "c2m1_highway"
L 12/20/2018 - 02:26:56: -------- Mapchange to c2m1_highway --------
L 12/20/2018 - 02:26:57: [l4d2_guncontrol.smx] Unlock Plugin found, requirements for M60 exchange met, moving on
L 12/20/2018 - 02:26:57: [basecommands.smx] "Console<0><Console><Console>" changed cvar (cvar "mp_gamemode") (value "community5")
L 12/20/2018 - 02:26:57: [basecommands.smx] "Console<0><Console><Console>" changed cvar (cvar "sv_minrate") (value "100000")
L 12/20/2018 - 02:26:57: [basecommands.smx] "Console<0><Console><Console>" changed cvar (cvar "sv_maxrate") (value "100000")
L 12/20/2018 - 02:26:57: [basecommands.smx] "Console<0><Console><Console>" changed cvar (cvar "sv_minupdaterate") (value "100")
L 12/20/2018 - 02:26:57: [basecommands.smx] "Console<0><Console><Console>" changed cvar (cvar "sv_maxupdaterate") (value "100")
L 12/20/2018 - 02:26:57: [basecommands.smx] "Console<0><Console><Console>" changed cvar (cvar "sv_mincmdrate") (value "100")
L 12/20/2018 - 02:26:57: [basecommands.smx] "Console<0><Console><Console>" changed cvar (cvar "sv_maxcmdrate") (value "100")
L 12/20/2018 - 02:26:57: [basecommands.smx] "Console<0><Console><Console>" changed cvar (cvar "sv_client_min_interp_ratio") (value "1")
L 12/20/2018 - 02:26:57: [basecommands.smx] "Console<0><Console><Console>" changed cvar (cvar "sv_client_max_interp_ratio") (value "1")
L 12/20/2018 - 02:26:57: [basecommands.smx] "Console<0><Console><Console>" changed cvar (cvar "fps_max") (value "120")
L 12/20/2018 - 02:26:57: [basecommands.smx] "Console<0><Console><Console>" changed cvar (cvar "net_splitpacket_maxrate") (value "100000")
L 12/20/2018 - 02:26:57: [basecommands.smx] "Console<0><Console><Console>" changed cvar (cvar "sv_maxplayers") (value "5")
L 12/20/2018 - 02:26:57: [basecommands.smx] "Console<0><Console><Console>" changed cvar (cvar "sv_visiblemaxplayers") (value "4")
L 12/20/2018 - 02:26:57: [basecommands.smx] "Console<0><Console><Console>" changed cvar (cvar "sv_allow_votes") (value "1")
L 12/20/2018 - 02:26:57: [basecommands.smx] "Console<0><Console><Console>" changed cvar (cvar "sv_hibernate_when_empty") (value "0")
L 12/20/2018 - 02:26:57: [basecommands.smx] "Console<0><Console><Console>" changed cvar (cvar "sb_all_bot_game") (value "1")
L 12/20/2018 - 02:28:15: [l4d2_guncontrol.smx] Unlock Plugin found, requirements for M60 exchange met, moving on
L 12/20/2018 - 02:33:39: SourceMod log file session started (file "L20181220.log") (Version "1.9.0.6269")
L 12/20/2018 - 02:33:39: -------- Mapchange to c2m1_highway --------
L 12/20/2018 - 02:33:41: [l4d2_guncontrol.smx] Unlock Plugin found, requirements for M60 exchange met, moving on
L 12/20/2018 - 02:33:41: [basecommands.smx] "Console<0><Console><Console>" changed cvar (cvar "mp_gamemode") (value "community5")
L 12/20/2018 - 02:33:41: [basecommands.smx] "Console<0><Console><Console>" changed cvar (cvar "sv_minrate") (value "100000")
L 12/20/2018 - 02:33:41: [basecommands.smx] "Console<0><Console><Console>" changed cvar (cvar "sv_maxrate") (value "100000")
L 12/20/2018 - 02:33:41: [basecommands.smx] "Console<0><Console><Console>" changed cvar (cvar "sv_minupdaterate") (value "100")
L 12/20/2018 - 02:33:41: [basecommands.smx] "Console<0><Console><Console>" changed cvar (cvar "sv_maxupdaterate") (value "100")
L 12/20/2018 - 02:33:41: [basecommands.smx] "Console<0><Console><Console>" changed cvar (cvar "sv_mincmdrate") (value "100")
L 12/20/2018 - 02:33:41: [basecommands.smx] "Console<0><Console><Console>" changed cvar (cvar "sv_maxcmdrate") (value "100")
L 12/20/2018 - 02:33:41: [basecommands.smx] "Console<0><Console><Console>" changed cvar (cvar "sv_client_min_interp_ratio") (value "1")
L 12/20/2018 - 02:33:41: [basecommands.smx] "Console<0><Console><Console>" changed cvar (cvar "sv_client_max_interp_ratio") (value "1")
L 12/20/2018 - 02:33:41: [basecommands.smx] "Console<0><Console><Console>" changed cvar (cvar "fps_max") (value "120")
L 12/20/2018 - 02:33:41: [basecommands.smx] "Console<0><Console><Console>" changed cvar (cvar "net_splitpacket_maxrate") (value "100000")
L 12/20/2018 - 02:33:41: [basecommands.smx] "Console<0><Console><Console>" changed cvar (cvar "sv_maxplayers") (value "5")
L 12/20/2018 - 02:33:41: [basecommands.smx] "Console<0><Console><Console>" changed cvar (cvar "sv_visiblemaxplayers") (value "4")
L 12/20/2018 - 02:33:41: [basecommands.smx] "Console<0><Console><Console>" changed cvar (cvar "sv_allow_votes") (value "1")
L 12/20/2018 - 02:33:41: [basecommands.smx] "Console<0><Console><Console>" changed cvar (cvar "sv_hibernate_when_empty") (value "0")
L 12/20/2018 - 02:33:41: [basecommands.smx] "Console<0><Console><Console>" changed cvar (cvar "sb_all_bot_game") (value "1")
L 12/20/2018 - 02:33:42: [SM] Changed map to "c2m1_highway"
L 12/20/2018 - 02:33:43: -------- Mapchange to c2m1_highway --------
L 12/20/2018 - 02:33:44: [l4d2_guncontrol.smx] Unlock Plugin found, requirements for M60 exchange met, moving on
L 12/20/2018 - 02:33:44: [basecommands.smx] "Console<0><Console><Console>" changed cvar (cvar "mp_gamemode") (value "community5")
L 12/20/2018 - 02:33:44: [basecommands.smx] "Console<0><Console><Console>" changed cvar (cvar "sv_minrate") (value "100000")
L 12/20/2018 - 02:33:44: [basecommands.smx] "Console<0><Console><Console>" changed cvar (cvar "sv_maxrate") (value "100000")
L 12/20/2018 - 02:33:44: [basecommands.smx] "Console<0><Console><Console>" changed cvar (cvar "sv_minupdaterate") (value "100")
L 12/20/2018 - 02:33:44: [basecommands.smx] "Console<0><Console><Console>" changed cvar (cvar "sv_maxupdaterate") (value "100")
L 12/20/2018 - 02:33:44: [basecommands.smx] "Console<0><Console><Console>" changed cvar (cvar "sv_mincmdrate") (value "100")
L 12/20/2018 - 02:33:44: [basecommands.smx] "Console<0><Console><Console>" changed cvar (cvar "sv_maxcmdrate") (value "100")
L 12/20/2018 - 02:33:44: [basecommands.smx] "Console<0><Console><Console>" changed cvar (cvar "sv_client_min_interp_ratio") (value "1")
L 12/20/2018 - 02:33:44: [basecommands.smx] "Console<0><Console><Console>" changed cvar (cvar "sv_client_max_interp_ratio") (value "1")
L 12/20/2018 - 02:33:44: [basecommands.smx] "Console<0><Console><Console>" changed cvar (cvar "fps_max") (value "120")
L 12/20/2018 - 02:33:44: [basecommands.smx] "Console<0><Console><Console>" changed cvar (cvar "net_splitpacket_maxrate") (value "100000")
L 12/20/2018 - 02:33:44: [basecommands.smx] "Console<0><Console><Console>" changed cvar (cvar "sv_maxplayers") (value "5")
L 12/20/2018 - 02:33:44: [basecommands.smx] "Console<0><Console><Console>" changed cvar (cvar "sv_visiblemaxplayers") (value "4")
L 12/20/2018 - 02:33:44: [basecommands.smx] "Console<0><Console><Console>" changed cvar (cvar "sv_allow_votes") (value "1")
L 12/20/2018 - 02:33:44: [basecommands.smx] "Console<0><Console><Console>" changed cvar (cvar "sv_hibernate_when_empty") (value "0")
L 12/20/2018 - 02:33:44: [basecommands.smx] "Console<0><Console><Console>" changed cvar (cvar "sb_all_bot_game") (value "1")
L 12/20/2018 - 02:37:49: SourceMod log file session started (file "L20181220.log") (Version "1.9.0.6269")
L 12/20/2018 - 02:37:49: -------- Mapchange to c2m1_highway --------
L 12/20/2018 - 02:37:50: [l4d2_guncontrol.smx] Unlock Plugin found, requirements for M60 exchange met, moving on
L 12/20/2018 - 02:37:51: [basecommands.smx] "Console<0><Console><Console>" changed cvar (cvar "mp_gamemode") (value "community5")
L 12/20/2018 - 02:37:51: [basecommands.smx] "Console<0><Console><Console>" changed cvar (cvar "sv_minrate") (value "100000")
L 12/20/2018 - 02:37:51: [basecommands.smx] "Console<0><Console><Console>" changed cvar (cvar "sv_maxrate") (value "100000")
L 12/20/2018 - 02:37:51: [basecommands.smx] "Console<0><Console><Console>" changed cvar (cvar "sv_minupdaterate") (value "100")
L 12/20/2018 - 02:37:51: [basecommands.smx] "Console<0><Console><Console>" changed cvar (cvar "sv_maxupdaterate") (value "100")
L 12/20/2018 - 02:37:51: [basecommands.smx] "Console<0><Console><Console>" changed cvar (cvar "sv_mincmdrate") (value "100")
L 12/20/2018 - 02:37:51: [basecommands.smx] "Console<0><Console><Console>" changed cvar (cvar "sv_maxcmdrate") (value "100")
L 12/20/2018 - 02:37:51: [basecommands.smx] "Console<0><Console><Console>" changed cvar (cvar "sv_client_min_interp_ratio") (value "1")
L 12/20/2018 - 02:37:51: [basecommands.smx] "Console<0><Console><Console>" changed cvar (cvar "sv_client_max_interp_ratio") (value "1")
L 12/20/2018 - 02:37:51: [basecommands.smx] "Console<0><Console><Console>" changed cvar (cvar "fps_max") (value "120")
L 12/20/2018 - 02:37:51: [basecommands.smx] "Console<0><Console><Console>" changed cvar (cvar "net_splitpacket_maxrate") (value "100000")
L 12/20/2018 - 02:37:51: [basecommands.smx] "Console<0><Console><Console>" changed cvar (cvar "sv_maxplayers") (value "5")
L 12/20/2018 - 02:37:51: [basecommands.smx] "Console<0><Console><Console>" changed cvar (cvar "sv_visiblemaxplayers") (value "4")
L 12/20/2018 - 02:37:51: [basecommands.smx] "Console<0><Console><Console>" changed cvar (cvar "sv_allow_votes") (value "1")
L 12/20/2018 - 02:37:51: [basecommands.smx] "Console<0><Console><Console>" changed cvar (cvar "sv_hibernate_when_empty") (value "0")
L 12/20/2018 - 02:37:51: [basecommands.smx] "Console<0><Console><Console>" changed cvar (cvar "sb_all_bot_game") (value "1")
L 12/20/2018 - 02:37:52: [SM] Changed map to "c2m1_highway"
L 12/20/2018 - 02:37:52: -------- Mapchange to c2m1_highway --------
L 12/20/2018 - 02:37:53: [l4d2_guncontrol.smx] Unlock Plugin found, requirements for M60 exchange met, moving on
L 12/20/2018 - 02:37:53: [basecommands.smx] "Console<0><Console><Console>" changed cvar (cvar "mp_gamemode") (value "community5")
L 12/20/2018 - 02:37:53: [basecommands.smx] "Console<0><Console><Console>" changed cvar (cvar "sv_minrate") (value "100000")
L 12/20/2018 - 02:37:53: [basecommands.smx] "Console<0><Console><Console>" changed cvar (cvar "sv_maxrate") (value "100000")
L 12/20/2018 - 02:37:53: [basecommands.smx] "Console<0><Console><Console>" changed cvar (cvar "sv_minupdaterate") (value "100")
L 12/20/2018 - 02:37:53: [basecommands.smx] "Console<0><Console><Console>" changed cvar (cvar "sv_maxupdaterate") (value "100")
L 12/20/2018 - 02:37:53: [basecommands.smx] "Console<0><Console><Console>" changed cvar (cvar "sv_mincmdrate") (value "100")
L 12/20/2018 - 02:37:53: [basecommands.smx] "Console<0><Console><Console>" changed cvar (cvar "sv_maxcmdrate") (value "100")
L 12/20/2018 - 02:37:53: [basecommands.smx] "Console<0><Console><Console>" changed cvar (cvar "sv_client_min_interp_ratio") (value "1")
L 12/20/2018 - 02:37:53: [basecommands.smx] "Console<0><Console><Console>" changed cvar (cvar "sv_client_max_interp_ratio") (value "1")
L 12/20/2018 - 02:37:53: [basecommands.smx] "Console<0><Console><Console>" changed cvar (cvar "fps_max") (value "120")
L 12/20/2018 - 02:37:53: [basecommands.smx] "Console<0><Console><Console>" changed cvar (cvar "net_splitpacket_maxrate") (value "100000")
L 12/20/2018 - 02:37:53: [basecommands.smx] "Console<0><Console><Console>" changed cvar (cvar "sv_maxplayers") (value "5")
L 12/20/2018 - 02:37:53: [basecommands.smx] "Console<0><Console><Console>" changed cvar (cvar "sv_visiblemaxplayers") (value "4")
L 12/20/2018 - 02:37:53: [basecommands.smx] "Console<0><Console><Console>" changed cvar (cvar "sv_allow_votes") (value "1")
L 12/20/2018 - 02:37:53: [basecommands.smx] "Console<0><Console><Console>" changed cvar (cvar "sv_hibernate_when_empty") (value "0")
L 12/20/2018 - 02:37:53: [basecommands.smx] "Console<0><Console><Console>" changed cvar (cvar "sb_all_bot_game") (value "1")
L 12/20/2018 - 02:45:49: SourceMod log file session started (file "L20181220.log") (Version "1.9.0.6269")
L 12/20/2018 - 02:45:49: -------- Mapchange to c2m1_highway --------
L 12/20/2018 - 02:45:51: [l4d2_guncontrol.smx] Unlock Plugin found, requirements for M60 exchange met, moving on
L 12/20/2018 - 02:45:51: [basecommands.smx] "Console<0><Console><Console>" changed cvar (cvar "mp_gamemode") (value "community5")
L 12/20/2018 - 02:45:51: [basecommands.smx] "Console<0><Console><Console>" changed cvar (cvar "sv_minrate") (value "100000")
L 12/20/2018 - 02:45:51: [basecommands.smx] "Console<0><Console><Console>" changed cvar (cvar "sv_maxrate") (value "100000")
L 12/20/2018 - 02:45:51: [basecommands.smx] "Console<0><Console><Console>" changed cvar (cvar "sv_minupdaterate") (value "100")
L 12/20/2018 - 02:45:51: [basecommands.smx] "Console<0><Console><Console>" changed cvar (cvar "sv_maxupdaterate") (value "100")
L 12/20/2018 - 02:45:51: [basecommands.smx] "Console<0><Console><Console>" changed cvar (cvar "sv_mincmdrate") (value "100")
L 12/20/2018 - 02:45:51: [basecommands.smx] "Console<0><Console><Console>" changed cvar (cvar "sv_maxcmdrate") (value "100")
L 12/20/2018 - 02:45:51: [basecommands.smx] "Console<0><Console><Console>" changed cvar (cvar "sv_client_min_interp_ratio") (value "1")
L 12/20/2018 - 02:45:51: [basecommands.smx] "Console<0><Console><Console>" changed cvar (cvar "sv_client_max_interp_ratio") (value "1")
L 12/20/2018 - 02:45:51: [basecommands.smx] "Console<0><Console><Console>" changed cvar (cvar "fps_max") (value "120")
L 12/20/2018 - 02:45:51: [basecommands.smx] "Console<0><Console><Console>" changed cvar (cvar "net_splitpacket_maxrate") (value "100000")
L 12/20/2018 - 02:45:51: [basecommands.smx] "Console<0><Console><Console>" changed cvar (cvar "sv_maxplayers") (value "5")
L 12/20/2018 - 02:45:51: [basecommands.smx] "Console<0><Console><Console>" changed cvar (cvar "sv_visiblemaxplayers") (value "4")
L 12/20/2018 - 02:45:51: [basecommands.smx] "Console<0><Console><Console>" changed cvar (cvar "sv_allow_votes") (value "1")
L 12/20/2018 - 02:45:51: [basecommands.smx] "Console<0><Console><Console>" changed cvar (cvar "sv_hibernate_when_empty") (value "0")
L 12/20/2018 - 02:45:51: [basecommands.smx] "Console<0><Console><Console>" changed cvar (cvar "sb_all_bot_game") (value "1")
L 12/20/2018 - 02:45:52: [SM] Changed map to "c2m1_highway"
L 12/20/2018 - 02:45:52: -------- Mapchange to c2m1_highway --------
L 12/20/2018 - 02:45:53: [l4d2_guncontrol.smx] Unlock Plugin found, requirements for M60 exchange met, moving on
L 12/20/2018 - 02:45:53: [basecommands.smx] "Console<0><Console><Console>" changed cvar (cvar "mp_gamemode") (value "community5")
L 12/20/2018 - 02:45:53: [basecommands.smx] "Console<0><Console><Console>" changed cvar (cvar "sv_minrate") (value "100000")
L 12/20/2018 - 02:45:53: [basecommands.smx] "Console<0><Console><Console>" changed cvar (cvar "sv_maxrate") (value "100000")
L 12/20/2018 - 02:45:53: [basecommands.smx] "Console<0><Console><Console>" changed cvar (cvar "sv_minupdaterate") (value "100")
L 12/20/2018 - 02:45:53: [basecommands.smx] "Console<0><Console><Console>" changed cvar (cvar "sv_maxupdaterate") (value "100")
L 12/20/2018 - 02:45:53: [basecommands.smx] "Console<0><Console><Console>" changed cvar (cvar "sv_mincmdrate") (value "100")
L 12/20/2018 - 02:45:53: [basecommands.smx] "Console<0><Console><Console>" changed cvar (cvar "sv_maxcmdrate") (value "100")
L 12/20/2018 - 02:45:53: [basecommands.smx] "Console<0><Console><Console>" changed cvar (cvar "sv_client_min_interp_ratio") (value "1")
L 12/20/2018 - 02:45:53: [basecommands.smx] "Console<0><Console><Console>" changed cvar (cvar "sv_client_max_interp_ratio") (value "1")
L 12/20/2018 - 02:45:53: [basecommands.smx] "Console<0><Console><Console>" changed cvar (cvar "fps_max") (value "120")
L 12/20/2018 - 02:45:53: [basecommands.smx] "Console<0><Console><Console>" changed cvar (cvar "net_splitpacket_maxrate") (value "100000")
L 12/20/2018 - 02:45:53: [basecommands.smx] "Console<0><Console><Console>" changed cvar (cvar "sv_maxplayers") (value "5")
L 12/20/2018 - 02:45:53: [basecommands.smx] "Console<0><Console><Console>" changed cvar (cvar "sv_visiblemaxplayers") (value "4")
L 12/20/2018 - 02:45:53: [basecommands.smx] "Console<0><Console><Console>" changed cvar (cvar "sv_allow_votes") (value "1")
L 12/20/2018 - 02:45:53: [basecommands.smx] "Console<0><Console><Console>" changed cvar (cvar "sv_hibernate_when_empty") (value "0")
L 12/20/2018 - 02:45:53: [basecommands.smx] "Console<0><Console><Console>" changed cvar (cvar "sb_all_bot_game") (value "1")
L 12/20/2018 - 03:01:58: [l4d2_guncontrol.smx] Unlock Plugin found, requirements for M60 exchange met, moving on
L 12/20/2018 - 03:02:22: -------- Mapchange to c10m1_caves --------
L 12/20/2018 - 03:02:23: [l4d2_guncontrol.smx] Unlock Plugin found, requirements for M60 exchange met, moving on
L 12/20/2018 - 03:02:23: [basecommands.smx] "Console<0><Console><Console>" changed cvar (cvar "mp_gamemode") (value "community5")
L 12/20/2018 - 03:02:23: [basecommands.smx] "Console<0><Console><Console>" changed cvar (cvar "sv_minrate") (value "100000")
L 12/20/2018 - 03:02:23: [basecommands.smx] "Console<0><Console><Console>" changed cvar (cvar "sv_maxrate") (value "100000")
L 12/20/2018 - 03:02:23: [basecommands.smx] "Console<0><Console><Console>" changed cvar (cvar "sv_minupdaterate") (value "100")
L 12/20/2018 - 03:02:23: [basecommands.smx] "Console<0><Console><Console>" changed cvar (cvar "sv_maxupdaterate") (value "100")
L 12/20/2018 - 03:02:23: [basecommands.smx] "Console<0><Console><Console>" changed cvar (cvar "sv_mincmdrate") (value "100")
L 12/20/2018 - 03:02:23: [basecommands.smx] "Console<0><Console><Console>" changed cvar (cvar "sv_maxcmdrate") (value "100")
L 12/20/2018 - 03:02:23: [basecommands.smx] "Console<0><Console><Console>" changed cvar (cvar "sv_client_min_interp_ratio") (value "1")
L 12/20/2018 - 03:02:23: [basecommands.smx] "Console<0><Console><Console>" changed cvar (cvar "sv_client_max_interp_ratio") (value "1")
L 12/20/2018 - 03:02:23: [basecommands.smx] "Console<0><Console><Console>" changed cvar (cvar "fps_max") (value "120")
L 12/20/2018 - 03:02:23: [basecommands.smx] "Console<0><Console><Console>" changed cvar (cvar "net_splitpacket_maxrate") (value "100000")
L 12/20/2018 - 03:02:23: [basecommands.smx] "Console<0><Console><Console>" changed cvar (cvar "sv_maxplayers") (value "5")
L 12/20/2018 - 03:02:23: [basecommands.smx] "Console<0><Console><Console>" changed cvar (cvar "sv_visiblemaxplayers") (value "4")
L 12/20/2018 - 03:02:23: [basecommands.smx] "Console<0><Console><Console>" changed cvar (cvar "sv_allow_votes") (value "1")
L 12/20/2018 - 03:02:23: [basecommands.smx] "Console<0><Console><Console>" changed cvar (cvar "sv_hibernate_when_empty") (value "0")
L 12/20/2018 - 03:02:23: [basecommands.smx] "Console<0><Console><Console>" changed cvar (cvar "sb_all_bot_game") (value "1")
L 12/20/2018 - 03:03:42: [l4d2_guncontrol.smx] Unlock Plugin found, requirements for M60 exchange met, moving on
L 12/20/2018 - 03:09:52: SourceMod log file session started (file "L20181220.log") (Version "1.9.0.6269")
L 12/20/2018 - 03:09:52: -------- Mapchange to c2m1_highway --------
L 12/20/2018 - 03:09:54: [l4d2_guncontrol.smx] Unlock Plugin found, requirements for M60 exchange met, moving on
L 12/20/2018 - 03:09:54: [basecommands.smx] "Console<0><Console><Console>" changed cvar (cvar "mp_gamemode") (value "community5")
L 12/20/2018 - 03:09:54: [basecommands.smx] "Console<0><Console><Console>" changed cvar (cvar "sv_minrate") (value "100000")
L 12/20/2018 - 03:09:54: [basecommands.smx] "Console<0><Console><Console>" changed cvar (cvar "sv_maxrate") (value "100000")
L 12/20/2018 - 03:09:54: [basecommands.smx] "Console<0><Console><Console>" changed cvar (cvar "sv_minupdaterate") (value "100")
L 12/20/2018 - 03:09:54: [basecommands.smx] "Console<0><Console><Console>" changed cvar (cvar "sv_maxupdaterate") (value "100")
L 12/20/2018 - 03:09:54: [basecommands.smx] "Console<0><Console><Console>" changed cvar (cvar "sv_mincmdrate") (value "100")
L 12/20/2018 - 03:09:54: [basecommands.smx] "Console<0><Console><Console>" changed cvar (cvar "sv_maxcmdrate") (value "100")
L 12/20/2018 - 03:09:54: [basecommands.smx] "Console<0><Console><Console>" changed cvar (cvar "sv_client_min_interp_ratio") (value "1")
L 12/20/2018 - 03:09:54: [basecommands.smx] "Console<0><Console><Console>" changed cvar (cvar "sv_client_max_interp_ratio") (value "1")
L 12/20/2018 - 03:09:54: [basecommands.smx] "Console<0><Console><Console>" changed cvar (cvar "fps_max") (value "120")
L 12/20/2018 - 03:09:54: [basecommands.smx] "Console<0><Console><Console>" changed cvar (cvar "net_splitpacket_maxrate") (value "100000")
L 12/20/2018 - 03:09:54: [basecommands.smx] "Console<0><Console><Console>" changed cvar (cvar "sv_maxplayers") (value "5")
L 12/20/2018 - 03:09:54: [basecommands.smx] "Console<0><Console><Console>" changed cvar (cvar "sv_visiblemaxplayers") (value "4")
L 12/20/2018 - 03:09:54: [basecommands.smx] "Console<0><Console><Console>" changed cvar (cvar "sv_allow_votes") (value "1")
L 12/20/2018 - 03:09:54: [basecommands.smx] "Console<0><Console><Console>" changed cvar (cvar "sv_hibernate_when_empty") (value "0")
L 12/20/2018 - 03:09:54: [basecommands.smx] "Console<0><Console><Console>" changed cvar (cvar "sb_all_bot_game") (value "1")
L 12/20/2018 - 03:09:55: [SM] Changed map to "c2m1_highway"
L 12/20/2018 - 03:09:55: -------- Mapchange to c2m1_highway --------
L 12/20/2018 - 03:09:57: [l4d2_guncontrol.smx] Unlock Plugin found, requirements for M60 exchange met, moving on
L 12/20/2018 - 03:09:57: [basecommands.smx] "Console<0><Console><Console>" changed cvar (cvar "mp_gamemode") (value "community5")
L 12/20/2018 - 03:09:57: [basecommands.smx] "Console<0><Console><Console>" changed cvar (cvar "sv_minrate") (value "100000")
L 12/20/2018 - 03:09:57: [basecommands.smx] "Console<0><Console><Console>" changed cvar (cvar "sv_maxrate") (value "100000")
L 12/20/2018 - 03:09:57: [basecommands.smx] "Console<0><Console><Console>" changed cvar (cvar "sv_minupdaterate") (value "100")
L 12/20/2018 - 03:09:57: [basecommands.smx] "Console<0><Console><Console>" changed cvar (cvar "sv_maxupdaterate") (value "100")
L 12/20/2018 - 03:09:57: [basecommands.smx] "Console<0><Console><Console>" changed cvar (cvar "sv_mincmdrate") (value "100")
L 12/20/2018 - 03:09:57: [basecommands.smx] "Console<0><Console><Console>" changed cvar (cvar "sv_maxcmdrate") (value "100")
L 12/20/2018 - 03:09:57: [basecommands.smx] "Console<0><Console><Console>" changed cvar (cvar "sv_client_min_interp_ratio") (value "1")
L 12/20/2018 - 03:09:57: [basecommands.smx] "Console<0><Console><Console>" changed cvar (cvar "sv_client_max_interp_ratio") (value "1")
L 12/20/2018 - 03:09:57: [basecommands.smx] "Console<0><Console><Console>" changed cvar (cvar "fps_max") (value "120")
L 12/20/2018 - 03:09:57: [basecommands.smx] "Console<0><Console><Console>" changed cvar (cvar "net_splitpacket_maxrate") (value "100000")
L 12/20/2018 - 03:09:57: [basecommands.smx] "Console<0><Console><Console>" changed cvar (cvar "sv_maxplayers") (value "5")
L 12/20/2018 - 03:09:57: [basecommands.smx] "Console<0><Console><Console>" changed cvar (cvar "sv_visiblemaxplayers") (value "4")
L 12/20/2018 - 03:09:57: [basecommands.smx] "Console<0><Console><Console>" changed cvar (cvar "sv_allow_votes") (value "1")
L 12/20/2018 - 03:09:57: [basecommands.smx] "Console<0><Console><Console>" changed cvar (cvar "sv_hibernate_when_empty") (value "0")
L 12/20/2018 - 03:09:57: [basecommands.smx] "Console<0><Console><Console>" changed cvar (cvar "sb_all_bot_game") (value "1")
